Looking for git in: git
Using git 2.25.1 from git
> git rev-parse --git-dir
Open repository: /home/moria
> git status -z -u
> git symbolic-ref --short HEAD
> git rev-parse master
fatal: ambiguous argument 'master': unknown revision or path not in the working tree.
Use '--' to separate paths from revisions, like this:
'git <command> [<revision>...] -- [<file>...]'
> git for-each-ref --sort -committerdate --format %(refname) %(objectname)
> git remote --verbose
> git config --get commit.template
> git check-ignore -v -z --stdin
> git status -z -u
> git symbolic-ref --short HEAD
> git rev-parse master
fatal: ambiguous argument 'master': unknown revision or path not in the working tree.
Use '--' to separate paths from revisions, like this:
'git <command> [<revision>...] -- [<file>...]'
> git for-each-ref --sort -committerdate --format %(refname) %(objectname)
> git remote --verbose
> git config --get commit.template
> git check-ignore -v -z --stdin
> git status -z -u
> git symbolic-ref --short HEAD
> git rev-parse master
fatal: ambiguous argument 'master': unknown revision or path not in the working tree.
Use '--' to separate paths from revisions, like this:
'git <command> [<revision>...] -- [<file>...]'
> git for-each-ref --sort -committerdate --format %(refname) %(objectname)
> git remote --verbose
> git config --get commit.template
> git check-ignore -v -z --stdin
> git status -z -u
> git symbolic-ref --short HEAD
> git rev-parse master
fatal: ambiguous argument 'master': unknown revision or path not in the working tree.
Use '--' to separate paths from revisions, like this:
'git <command> [<revision>...] -- [<file>...]'
> git for-each-ref --sort -committerdate --format %(refname) %(objectname)
> git remote --verbose
> git config --get commit.template
> git status -z -u
> git checkout -q -- /home/moria/.cache/vscode-cpptools/ipch/baa6bb74364bee0e/anomaly_detection_util.ipch /home/moria/.vscode-server/data/User/workspaceStorage/56150ef4219ff57721955cc3262b396d/ms-vscode.cpptools/.browse.VC.db /home/moria/.vscode-server/data/User/workspaceStorage/56150ef4219ff57721955cc3262b396d/ms-vscode.cpptools/.browse.VC.db-shm /home/moria/.vscode-server/data/User/workspaceStorage/56150ef4219ff57721955cc3262b396d/ms-vscode.cpptools/.browse.VC.db-wal /home/moria/.vscode-server/data/logs/20201021T100630/exthost1/exthost.log /home/moria/.vscode-server/data/logs/20201021T100630/exthost1/output_logging_20201021T100633/1-Git.log /home/moria/.vscode-server/data/logs/20201021T100630/exthost1/output_logging_20201021T100702/2-remote-attach.log /home/moria/.vscode-server/data/logs/20201021T100630/exthost1/output_logging_20201021T100911/3-CC++.log /home/moria/.vscode-server/data/logs/20201021T100630/exthost1/output_logging_20201021T100944/4-CMakeBuild.log /home/moria/.vscode-server/data/logs/20201021T100630/remoteagent.log /home/moria/.vscode-server/data/logs/20201105T160301/remoteagent.log
> git symbolic-ref --short HEAD
> git rev-parse master
fatal: ambiguous argument 'master': unknown revision or path not in the working tree.
Use '--' to separate paths from revisions, like this:
'git <command> [<revision>...] -- [<file>...]'
> git for-each-ref --sort -committerdate --format %(refname) %(objectname)
> git remote --verbose
> git config --get commit.template
> git status -z -u
> git symbolic-ref --short HEAD
> git rev-parse master
fatal: ambiguous argument 'master': unknown revision or path not in the working tree.
Use '--' to separate paths from revisions, like this:
'git <command> [<revision>...] -- [<file>...]'
> git for-each-ref --sort -committerdate --format %(refname) %(objectname)
> git remote --verbose
> git config --get commit.template
> git branch
> git rm --cached -r -- .
> git status -z -u
> git symbolic-ref --short HEAD
> git rev-parse master
fatal: ambiguous argument 'master': unknown revision or path not in the working tree.
Use '--' to separate paths from revisions, like this:
'git <command> [<revision>...] -- [<file>...]'
> git for-each-ref --sort -committerdate --format %(refname) %(objectname)
> git remote --verbose
> git config --get commit.template
> git status -z -u
> git symbolic-ref --short HEAD
> git rev-parse master
fatal: ambiguous argument 'master': unknown revision or path not in the working tree.
Use '--' to separate paths from revisions, like this:
'git <command> [<revision>...] -- [<file>...]'
> git for-each-ref --sort -committerdate --format %(refname) %(objectname)
> git remote --verbose
> git config --get commit.template
> git status -z -u
> git symbolic-ref --short HEAD
> git rev-parse master
fatal: ambiguous argument 'master': unknown revision or path not in the working tree.
Use '--' to separate paths from revisions, like this:
'git <command> [<revision>...] -- [<file>...]'
> git for-each-ref --sort -committerdate --format %(refname) %(objectname)
> git remote --verbose
> git config --get commit.template
> git status -z -u
> git symbolic-ref --short HEAD
> git rev-parse master
fatal: ambiguous argument 'master': unknown revision or path not in the working tree.
Use '--' to separate paths from revisions, like this:
'git <command> [<revision>...] -- [<file>...]'
> git for-each-ref --sort -committerdate --format %(refname) %(objectname)
> git remote --verbose
> git config --get commit.template
> git status -z -u
> git symbolic-ref --short HEAD
> git rev-parse master
fatal: ambiguous argument 'master': unknown revision or path not in the working tree.
Use '--' to separate paths from revisions, like this:
'git <command> [<revision>...] -- [<file>...]'
> git for-each-ref --sort -committerdate --format %(refname) %(objectname)
> git remote --verbose
> git config --get commit.template
> git status -z -u
> git symbolic-ref --short HEAD
> git rev-parse master
fatal: ambiguous argument 'master': unknown revision or path not in the working tree.
Use '--' to separate paths from revisions, like this:
'git <command> [<revision>...] -- [<file>...]'
> git for-each-ref --sort -committerdate --format %(refname) %(objectname)
> git remote --verbose
> git config --get commit.template
> git status -z -u
> git symbolic-ref --short HEAD
> git rev-parse master
fatal: ambiguous argument 'master': unknown revision or path not in the working tree.
Use '--' to separate paths from revisions, like this:
'git <command> [<revision>...] -- [<file>...]'
> git for-each-ref --sort -committerdate --format %(refname) %(objectname)
> git remote --verbose
> git config --get commit.template
> git status -z -u
> git symbolic-ref --short HEAD
> git rev-parse master
fatal: ambiguous argument 'master': unknown revision or path not in the working tree.
Use '--' to separate paths from revisions, like this:
'git <command> [<revision>...] -- [<file>...]'
> git for-each-ref --sort -committerdate --format %(refname) %(objectname)
> git remote --verbose
> git config --get commit.template
> git check-ignore -v -z --stdin
> git status -z -u
> git symbolic-ref --short HEAD
> git rev-parse master
fatal: ambiguous argument 'master': unknown revision or path not in the working tree.
Use '--' to separate paths from revisions, like this:
'git <command> [<revision>...] -- [<file>...]'
> git for-each-ref --sort -committerdate --format %(refname) %(objectname)
> git remote --verbose
> git config --get commit.template
> git check-ignore -v -z --stdin
> git status -z -u
> git symbolic-ref --short HEAD
> git rev-parse master
fatal: ambiguous argument 'master': unknown revision or path not in the working tree.
Use '--' to separate paths from revisions, like this:
'git <command> [<revision>...] -- [<file>...]'
> git for-each-ref --sort -committerdate --format %(refname) %(objectname)
> git remote --verbose
> git config --get commit.template
