Looking for git in: git
Using git 2.25.1 from git
> git rev-parse --git-dir
Open repository: /home/moria
> git status -z -u
> git symbolic-ref --short HEAD
> git rev-parse master
fatal: ambiguous argument 'master': unknown revision or path not in the working tree.
Use '--' to separate paths from revisions, like this:
'git <command> [<revision>...] -- [<file>...]'
> git for-each-ref --sort -committerdate --format %(refname) %(objectname)
> git remote --verbose
> git check-ignore -v -z --stdin
> git config --get commit.template
> git show --textconv :anomaly_detection_util.cpp
> git ls-files --stage -- /home/moria/anomaly_detection_util.cpp
> git cat-file -s 4dc7483eabd4d87eb0fe5f721c31e71d9fdba2af
> git status -z -u
> git symbolic-ref --short HEAD
> git check-ignore -v -z --stdin
> git rev-parse master
fatal: ambiguous argument 'master': unknown revision or path not in the working tree.
Use '--' to separate paths from revisions, like this:
'git <command> [<revision>...] -- [<file>...]'
> git for-each-ref --sort -committerdate --format %(refname) %(objectname)
> git remote --verbose
> git config --get commit.template
> git status -z -u
> git symbolic-ref --short HEAD
> git rev-parse master
fatal: ambiguous argument 'master': unknown revision or path not in the working tree.
Use '--' to separate paths from revisions, like this:
'git <command> [<revision>...] -- [<file>...]'
> git for-each-ref --sort -committerdate --format %(refname) %(objectname)
> git remote --verbose
> git config --get commit.template
> git status -z -u
> git symbolic-ref --short HEAD
> git rev-parse master
fatal: ambiguous argument 'master': unknown revision or path not in the working tree.
Use '--' to separate paths from revisions, like this:
'git <command> [<revision>...] -- [<file>...]'
> git for-each-ref --sort -committerdate --format %(refname) %(objectname)
> git remote --verbose
> git config --get commit.template
> git push
fatal: No configured push destination.
Either specify the URL from the command-line or configure a remote repository using

    git remote add <name> <url>

and then push using the remote name

    git push <name>
> git status -z -u
> git symbolic-ref --short HEAD
> git rev-parse master
fatal: ambiguous argument 'master': unknown revision or path not in the working tree.
Use '--' to separate paths from revisions, like this:
'git <command> [<revision>...] -- [<file>...]'
> git for-each-ref --sort -committerdate --format %(refname) %(objectname)
> git remote --verbose
> git config --get commit.template
> git status -z -u
> git symbolic-ref --short HEAD
> git rev-parse master
fatal: ambiguous argument 'master': unknown revision or path not in the working tree.
Use '--' to separate paths from revisions, like this:
'git <command> [<revision>...] -- [<file>...]'
> git for-each-ref --sort -committerdate --format %(refname) %(objectname)
> git remote --verbose
> git config --get commit.template
> git status -z -u
> git symbolic-ref --short HEAD
> git rev-parse master
fatal: ambiguous argument 'master': unknown revision or path not in the working tree.
Use '--' to separate paths from revisions, like this:
'git <command> [<revision>...] -- [<file>...]'
> git for-each-ref --sort -committerdate --format %(refname) %(objectname)
> git remote --verbose
> git config --get commit.template
> git status -z -u
> git symbolic-ref --short HEAD
> git rev-parse master
fatal: ambiguous argument 'master': unknown revision or path not in the working tree.
Use '--' to separate paths from revisions, like this:
'git <command> [<revision>...] -- [<file>...]'
> git for-each-ref --sort -committerdate --format %(refname) %(objectname)
> git remote --verbose
> git config --get commit.template
> git remote add Anomaly-Detector https://github.com/Moria-Yefet/Anomaly-Detector-.git
fatal: remote Anomaly-Detector already exists.
> git status -z -u
> git symbolic-ref --short HEAD
> git rev-parse master
fatal: ambiguous argument 'master': unknown revision or path not in the working tree.
Use '--' to separate paths from revisions, like this:
'git <command> [<revision>...] -- [<file>...]'
> git for-each-ref --sort -committerdate --format %(refname) %(objectname)
> git remote --verbose
> git config --get commit.template
> git status -z -u
> git symbolic-ref --short HEAD
> git rev-parse master
fatal: ambiguous argument 'master': unknown revision or path not in the working tree.
Use '--' to separate paths from revisions, like this:
'git <command> [<revision>...] -- [<file>...]'
> git for-each-ref --sort -committerdate --format %(refname) %(objectname)
> git remote --verbose
> git config --get commit.template
> git status -z -u
> git symbolic-ref --short HEAD
> git rev-parse master
fatal: ambiguous argument 'master': unknown revision or path not in the working tree.
Use '--' to separate paths from revisions, like this:
'git <command> [<revision>...] -- [<file>...]'
> git for-each-ref --sort -committerdate --format %(refname) %(objectname)
> git remote --verbose
> git config --get commit.template
> git status -z -u
> git symbolic-ref --short HEAD
> git rev-parse master
fatal: ambiguous argument 'master': unknown revision or path not in the working tree.
Use '--' to separate paths from revisions, like this:
'git <command> [<revision>...] -- [<file>...]'
> git for-each-ref --sort -committerdate --format %(refname) %(objectname)
> git remote --verbose
> git config --get commit.template
> git status -z -u
> git symbolic-ref --short HEAD
> git rev-parse master
fatal: ambiguous argument 'master': unknown revision or path not in the working tree.
Use '--' to separate paths from revisions, like this:
'git <command> [<revision>...] -- [<file>...]'
> git for-each-ref --sort -committerdate --format %(refname) %(objectname)
> git remote --verbose
> git config --get commit.template
> git status -z -u
> git symbolic-ref --short HEAD
> git rev-parse master
fatal: ambiguous argument 'master': unknown revision or path not in the working tree.
Use '--' to separate paths from revisions, like this:
'git <command> [<revision>...] -- [<file>...]'
> git for-each-ref --sort -committerdate --format %(refname) %(objectname)
> git remote --verbose
> git config --get commit.template
> git status -z -u
> git symbolic-ref --short HEAD
> git rev-parse master
fatal: ambiguous argument 'master': unknown revision or path not in the working tree.
Use '--' to separate paths from revisions, like this:
'git <command> [<revision>...] -- [<file>...]'
> git for-each-ref --sort -committerdate --format %(refname) %(objectname)
> git remote --verbose
> git config --get commit.template
> git status -z -u
> git symbolic-ref --short HEAD
> git rev-parse master
fatal: ambiguous argument 'master': unknown revision or path not in the working tree.
Use '--' to separate paths from revisions, like this:
'git <command> [<revision>...] -- [<file>...]'
> git for-each-ref --sort -committerdate --format %(refname) %(objectname)
> git remote --verbose
> git config --get commit.template
> git status -z -u
> git symbolic-ref --short HEAD
> git rev-parse master
fatal: ambiguous argument 'master': unknown revision or path not in the working tree.
Use '--' to separate paths from revisions, like this:
'git <command> [<revision>...] -- [<file>...]'
> git for-each-ref --sort -committerdate --format %(refname) %(objectname)
> git remote --verbose
> git config --get commit.template
> git status -z -u
> git symbolic-ref --short HEAD
> git rev-parse master
fatal: ambiguous argument 'master': unknown revision or path not in the working tree.
Use '--' to separate paths from revisions, like this:
'git <command> [<revision>...] -- [<file>...]'
> git for-each-ref --sort -committerdate --format %(refname) %(objectname)
> git remote --verbose
> git config --get commit.template
> git status -z -u
> git symbolic-ref --short HEAD
> git rev-parse master
fatal: ambiguous argument 'master': unknown revision or path not in the working tree.
Use '--' to separate paths from revisions, like this:
'git <command> [<revision>...] -- [<file>...]'
> git for-each-ref --sort -committerdate --format %(refname) %(objectname)
> git remote --verbose
> git config --get commit.template
> git status -z -u
> git symbolic-ref --short HEAD
> git rev-parse master
fatal: ambiguous argument 'master': unknown revision or path not in the working tree.
Use '--' to separate paths from revisions, like this:
'git <command> [<revision>...] -- [<file>...]'
> git for-each-ref --sort -committerdate --format %(refname) %(objectname)
> git remote --verbose
> git config --get commit.template
> git status -z -u
> git symbolic-ref --short HEAD
> git rev-parse master
fatal: ambiguous argument 'master': unknown revision or path not in the working tree.
Use '--' to separate paths from revisions, like this:
'git <command> [<revision>...] -- [<file>...]'
> git for-each-ref --sort -committerdate --format %(refname) %(objectname)
> git remote --verbose
> git config --get commit.template
> git status -z -u
> git symbolic-ref --short HEAD
> git rev-parse master
fatal: ambiguous argument 'master': unknown revision or path not in the working tree.
Use '--' to separate paths from revisions, like this:
'git <command> [<revision>...] -- [<file>...]'
> git for-each-ref --sort -committerdate --format %(refname) %(objectname)
> git remote --verbose
> git config --get commit.template
> git status -z -u
> git symbolic-ref --short HEAD
> git rev-parse master
fatal: ambiguous argument 'master': unknown revision or path not in the working tree.
Use '--' to separate paths from revisions, like this:
'git <command> [<revision>...] -- [<file>...]'
> git for-each-ref --sort -committerdate --format %(refname) %(objectname)
> git remote --verbose
> git config --get commit.template
> git status -z -u
> git symbolic-ref --short HEAD
> git rev-parse master
fatal: ambiguous argument 'master': unknown revision or path not in the working tree.
Use '--' to separate paths from revisions, like this:
'git <command> [<revision>...] -- [<file>...]'
> git for-each-ref --sort -committerdate --format %(refname) %(objectname)
> git remote --verbose
> git config --get commit.template
> git push
fatal: No configured push destination.
Either specify the URL from the command-line or configure a remote repository using

    git remote add <name> <url>

and then push using the remote name

    git push <name>
> git status -z -u
> git symbolic-ref --short HEAD
> git rev-parse master
fatal: ambiguous argument 'master': unknown revision or path not in the working tree.
Use '--' to separate paths from revisions, like this:
'git <command> [<revision>...] -- [<file>...]'
> git for-each-ref --sort -committerdate --format %(refname) %(objectname)
> git remote --verbose
> git config --get commit.template
> git status -z -u
> git symbolic-ref --short HEAD
> git rev-parse master
fatal: ambiguous argument 'master': unknown revision or path not in the working tree.
Use '--' to separate paths from revisions, like this:
'git <command> [<revision>...] -- [<file>...]'
> git for-each-ref --sort -committerdate --format %(refname) %(objectname)
> git remote --verbose
> git config --get commit.template
> git status -z -u
> git symbolic-ref --short HEAD
> git rev-parse master
fatal: ambiguous argument 'master': unknown revision or path not in the working tree.
Use '--' to separate paths from revisions, like this:
'git <command> [<revision>...] -- [<file>...]'
> git for-each-ref --sort -committerdate --format %(refname) %(objectname)
> git remote --verbose
> git config --get commit.template
> git status -z -u
> git symbolic-ref --short HEAD
> git rev-parse master
fatal: ambiguous argument 'master': unknown revision or path not in the working tree.
Use '--' to separate paths from revisions, like this:
'git <command> [<revision>...] -- [<file>...]'
> git for-each-ref --sort -committerdate --format %(refname) %(objectname)
> git remote --verbose
> git config --get commit.template
> git status -z -u
> git symbolic-ref --short HEAD
> git rev-parse master
fatal: ambiguous argument 'master': unknown revision or path not in the working tree.
Use '--' to separate paths from revisions, like this:
'git <command> [<revision>...] -- [<file>...]'
> git for-each-ref --sort -committerdate --format %(refname) %(objectname)
> git remote --verbose
> git config --get commit.template
> git status -z -u
> git symbolic-ref --short HEAD
> git rev-parse master
fatal: ambiguous argument 'master': unknown revision or path not in the working tree.
Use '--' to separate paths from revisions, like this:
'git <command> [<revision>...] -- [<file>...]'
> git for-each-ref --sort -committerdate --format %(refname) %(objectname)
> git remote --verbose
> git config --get commit.template
> git status -z -u
> git symbolic-ref --short HEAD
> git rev-parse master
fatal: ambiguous argument 'master': unknown revision or path not in the working tree.
Use '--' to separate paths from revisions, like this:
'git <command> [<revision>...] -- [<file>...]'
> git for-each-ref --sort -committerdate --format %(refname) %(objectname)
> git remote --verbose
> git config --get commit.template
> git status -z -u
> git symbolic-ref --short HEAD
> git rev-parse master
fatal: ambiguous argument 'master': unknown revision or path not in the working tree.
Use '--' to separate paths from revisions, like this:
'git <command> [<revision>...] -- [<file>...]'
> git for-each-ref --sort -committerdate --format %(refname) %(objectname)
> git remote --verbose
> git config --get commit.template
> git status -z -u
> git symbolic-ref --short HEAD
> git rev-parse master
fatal: ambiguous argument 'master': unknown revision or path not in the working tree.
Use '--' to separate paths from revisions, like this:
'git <command> [<revision>...] -- [<file>...]'
> git for-each-ref --sort -committerdate --format %(refname) %(objectname)
> git remote --verbose
> git config --get commit.template
> git status -z -u
> git symbolic-ref --short HEAD
> git rev-parse master
fatal: ambiguous argument 'master': unknown revision or path not in the working tree.
Use '--' to separate paths from revisions, like this:
'git <command> [<revision>...] -- [<file>...]'
> git for-each-ref --sort -committerdate --format %(refname) %(objectname)
> git remote --verbose
> git config --get commit.template
> git status -z -u
> git symbolic-ref --short HEAD
> git rev-parse master
fatal: ambiguous argument 'master': unknown revision or path not in the working tree.
Use '--' to separate paths from revisions, like this:
'git <command> [<revision>...] -- [<file>...]'
> git for-each-ref --sort -committerdate --format %(refname) %(objectname)
> git remote --verbose
> git config --get commit.template
> git status -z -u
> git symbolic-ref --short HEAD
> git rev-parse master
fatal: ambiguous argument 'master': unknown revision or path not in the working tree.
Use '--' to separate paths from revisions, like this:
'git <command> [<revision>...] -- [<file>...]'
> git for-each-ref --sort -committerdate --format %(refname) %(objectname)
> git remote --verbose
> git config --get commit.template
> git status -z -u
> git symbolic-ref --short HEAD
> git rev-parse master
fatal: ambiguous argument 'master': unknown revision or path not in the working tree.
Use '--' to separate paths from revisions, like this:
'git <command> [<revision>...] -- [<file>...]'
> git for-each-ref --sort -committerdate --format %(refname) %(objectname)
> git remote --verbose
> git config --get commit.template
> git status -z -u
> git symbolic-ref --short HEAD
> git rev-parse master
fatal: ambiguous argument 'master': unknown revision or path not in the working tree.
Use '--' to separate paths from revisions, like this:
'git <command> [<revision>...] -- [<file>...]'
> git for-each-ref --sort -committerdate --format %(refname) %(objectname)
> git remote --verbose
> git config --get commit.template
> git status -z -u
> git symbolic-ref --short HEAD
> git rev-parse master
fatal: ambiguous argument 'master': unknown revision or path not in the working tree.
Use '--' to separate paths from revisions, like this:
'git <command> [<revision>...] -- [<file>...]'
> git for-each-ref --sort -committerdate --format %(refname) %(objectname)
> git remote --verbose
> git config --get commit.template
> git commit --quiet --allow-empty-message --file -

*** Please tell me who you are.

Run

  git config --global user.email "you@example.com"
  git config --global user.name "Your Name"

to set your account's default identity.
Omit --global to set the identity only in this repository.

fatal: empty ident name (for <moria@DESKTOP-IU91LUS.localdomain>) not allowed
> git config --get-all user.name
> git status -z -u
> git ls-files --stage -- /home/moria/anomaly_detection_util.cpp
> git cat-file -s 4dc7483eabd4d87eb0fe5f721c31e71d9fdba2af
> git show --textconv :anomaly_detection_util.cpp
> git symbolic-ref --short HEAD
> git rev-parse master
fatal: ambiguous argument 'master': unknown revision or path not in the working tree.
Use '--' to separate paths from revisions, like this:
'git <command> [<revision>...] -- [<file>...]'
> git for-each-ref --sort -committerdate --format %(refname) %(objectname)
> git remote --verbose
> git config --get commit.template
> git status -z -u
> git symbolic-ref --short HEAD
> git rev-parse master
fatal: ambiguous argument 'master': unknown revision or path not in the working tree.
Use '--' to separate paths from revisions, like this:
'git <command> [<revision>...] -- [<file>...]'
> git for-each-ref --sort -committerdate --format %(refname) %(objectname)
> git remote --verbose
> git config --get commit.template
> git status -z -u
> git symbolic-ref --short HEAD
> git rev-parse master
fatal: ambiguous argument 'master': unknown revision or path not in the working tree.
Use '--' to separate paths from revisions, like this:
'git <command> [<revision>...] -- [<file>...]'
> git for-each-ref --sort -committerdate --format %(refname) %(objectname)
> git remote --verbose
> git config --get commit.template
> git status -z -u
> git symbolic-ref --short HEAD
> git rev-parse master
fatal: ambiguous argument 'master': unknown revision or path not in the working tree.
Use '--' to separate paths from revisions, like this:
'git <command> [<revision>...] -- [<file>...]'
> git for-each-ref --sort -committerdate --format %(refname) %(objectname)
> git remote --verbose
> git config --get commit.template
> git status -z -u
> git symbolic-ref --short HEAD
> git rev-parse master
fatal: ambiguous argument 'master': unknown revision or path not in the working tree.
Use '--' to separate paths from revisions, like this:
'git <command> [<revision>...] -- [<file>...]'
> git for-each-ref --sort -committerdate --format %(refname) %(objectname)
> git remote --verbose
> git config --get commit.template
> git status -z -u
> git symbolic-ref --short HEAD
> git rev-parse master
fatal: ambiguous argument 'master': unknown revision or path not in the working tree.
Use '--' to separate paths from revisions, like this:
'git <command> [<revision>...] -- [<file>...]'
> git for-each-ref --sort -committerdate --format %(refname) %(objectname)
> git remote --verbose
> git config --get commit.template
> git status -z -u
> git symbolic-ref --short HEAD
> git rev-parse master
fatal: ambiguous argument 'master': unknown revision or path not in the working tree.
Use '--' to separate paths from revisions, like this:
'git <command> [<revision>...] -- [<file>...]'
> git for-each-ref --sort -committerdate --format %(refname) %(objectname)
> git remote --verbose
> git config --get commit.template
> git status -z -u
> git symbolic-ref --short HEAD
> git rev-parse master
fatal: ambiguous argument 'master': unknown revision or path not in the working tree.
Use '--' to separate paths from revisions, like this:
'git <command> [<revision>...] -- [<file>...]'
> git for-each-ref --sort -committerdate --format %(refname) %(objectname)
> git remote --verbose
> git config --get commit.template
> git status -z -u
> git symbolic-ref --short HEAD
> git rev-parse master
fatal: ambiguous argument 'master': unknown revision or path not in the working tree.
Use '--' to separate paths from revisions, like this:
'git <command> [<revision>...] -- [<file>...]'
> git for-each-ref --sort -committerdate --format %(refname) %(objectname)
> git remote --verbose
> git config --get commit.template
> git status -z -u
> git symbolic-ref --short HEAD
> git rev-parse master
fatal: ambiguous argument 'master': unknown revision or path not in the working tree.
Use '--' to separate paths from revisions, like this:
'git <command> [<revision>...] -- [<file>...]'
> git for-each-ref --sort -committerdate --format %(refname) %(objectname)
> git remote --verbose
> git config --get commit.template
> git status -z -u
> git symbolic-ref --short HEAD
> git rev-parse master
fatal: ambiguous argument 'master': unknown revision or path not in the working tree.
Use '--' to separate paths from revisions, like this:
'git <command> [<revision>...] -- [<file>...]'
> git for-each-ref --sort -committerdate --format %(refname) %(objectname)
> git remote --verbose
> git config --get commit.template
> git status -z -u
> git symbolic-ref --short HEAD
> git rev-parse master
fatal: ambiguous argument 'master': unknown revision or path not in the working tree.
Use '--' to separate paths from revisions, like this:
'git <command> [<revision>...] -- [<file>...]'
> git for-each-ref --sort -committerdate --format %(refname) %(objectname)
> git remote --verbose
> git config --get commit.template
> git status -z -u
> git symbolic-ref --short HEAD
> git rev-parse master
fatal: ambiguous argument 'master': unknown revision or path not in the working tree.
Use '--' to separate paths from revisions, like this:
'git <command> [<revision>...] -- [<file>...]'
> git for-each-ref --sort -committerdate --format %(refname) %(objectname)
> git remote --verbose
> git config --get commit.template
> git status -z -u
> git symbolic-ref --short HEAD
> git rev-parse master
fatal: ambiguous argument 'master': unknown revision or path not in the working tree.
Use '--' to separate paths from revisions, like this:
'git <command> [<revision>...] -- [<file>...]'
> git for-each-ref --sort -committerdate --format %(refname) %(objectname)
> git remote --verbose
> git config --get commit.template
> git status -z -u
> git symbolic-ref --short HEAD
> git rev-parse master
fatal: ambiguous argument 'master': unknown revision or path not in the working tree.
Use '--' to separate paths from revisions, like this:
'git <command> [<revision>...] -- [<file>...]'
> git for-each-ref --sort -committerdate --format %(refname) %(objectname)
> git remote --verbose
> git config --get commit.template
> git status -z -u
> git symbolic-ref --short HEAD
> git rev-parse master
fatal: ambiguous argument 'master': unknown revision or path not in the working tree.
Use '--' to separate paths from revisions, like this:
'git <command> [<revision>...] -- [<file>...]'
> git for-each-ref --sort -committerdate --format %(refname) %(objectname)
> git remote --verbose
> git config --get commit.template
> git status -z -u
> git symbolic-ref --short HEAD
> git rev-parse master
fatal: ambiguous argument 'master': unknown revision or path not in the working tree.
Use '--' to separate paths from revisions, like this:
'git <command> [<revision>...] -- [<file>...]'
> git for-each-ref --sort -committerdate --format %(refname) %(objectname)
> git remote --verbose
> git config --get commit.template
> git commit --quiet --allow-empty-message --file -
> git status -z -u
> git symbolic-ref --short HEAD
> git rev-parse master
> git rev-parse --symbolic-full-name master@{u}
fatal: no upstream configured for branch 'master'
> git for-each-ref --sort -committerdate --format %(refname) %(objectname)
> git remote --verbose
> git config --get commit.template
> git check-ignore -v -z --stdin
> git ls-files --stage -- /home/moria/anomaly_detection_util.cpp
> git cat-file -s 4dc7483eabd4d87eb0fe5f721c31e71d9fdba2af
> git show --textconv :anomaly_detection_util.cpp
> git status -z -u
> git symbolic-ref --short HEAD
> git rev-parse master
> git rev-parse --symbolic-full-name master@{u}
fatal: no upstream configured for branch 'master'
> git for-each-ref --sort -committerdate --format %(refname) %(objectname)
> git remote --verbose
> git config --get commit.template
> git status -z -u
> git symbolic-ref --short HEAD
> git rev-parse master
> git rev-parse --symbolic-full-name master@{u}
fatal: no upstream configured for branch 'master'
> git for-each-ref --sort -committerdate --format %(refname) %(objectname)
> git remote --verbose
> git config --get commit.template
> git status -z -u
> git symbolic-ref --short HEAD
> git rev-parse master
> git rev-parse --symbolic-full-name master@{u}
fatal: no upstream configured for branch 'master'
> git for-each-ref --sort -committerdate --format %(refname) %(objectname)
> git remote --verbose
> git config --get commit.template
> git status -z -u
> git symbolic-ref --short HEAD
> git rev-parse master
> git rev-parse --symbolic-full-name master@{u}
fatal: no upstream configured for branch 'master'
> git for-each-ref --sort -committerdate --format %(refname) %(objectname)
> git remote --verbose
> git config --get commit.template
> git check-ignore -v -z --stdin
> git check-ignore -v -z --stdin
> git status -z -u
> git symbolic-ref --short HEAD
> git rev-parse master
> git rev-parse --symbolic-full-name master@{u}
fatal: no upstream configured for branch 'master'
> git for-each-ref --sort -committerdate --format %(refname) %(objectname)
> git remote --verbose
> git config --get commit.template
> git check-ignore -v -z --stdin
> git status -z -u
> git symbolic-ref --short HEAD
> git rev-parse master
> git rev-parse --symbolic-full-name master@{u}
fatal: no upstream configured for branch 'master'
> git for-each-ref --sort -committerdate --format %(refname) %(objectname)
> git remote --verbose
> git config --get commit.template
> git status -z -u
> git symbolic-ref --short HEAD
> git rev-parse master
> git rev-parse --symbolic-full-name master@{u}
fatal: no upstream configured for branch 'master'
> git for-each-ref --sort -committerdate --format %(refname) %(objectname)
> git remote --verbose
> git config --get commit.template
> git status -z -u
> git symbolic-ref --short HEAD
> git rev-parse master
> git rev-parse --symbolic-full-name master@{u}
fatal: no upstream configured for branch 'master'
> git for-each-ref --sort -committerdate --format %(refname) %(objectname)
> git remote --verbose
> git config --get commit.template
> git status -z -u
> git symbolic-ref --short HEAD
> git rev-parse master
> git rev-parse --symbolic-full-name master@{u}
fatal: no upstream configured for branch 'master'
> git for-each-ref --sort -committerdate --format %(refname) %(objectname)
> git remote --verbose
> git config --get commit.template
> git status -z -u
> git symbolic-ref --short HEAD
> git rev-parse master
> git rev-parse --symbolic-full-name master@{u}
fatal: no upstream configured for branch 'master'
> git for-each-ref --sort -committerdate --format %(refname) %(objectname)
> git remote --verbose
> git config --get commit.template
> git status -z -u
> git symbolic-ref --short HEAD
> git rev-parse master
> git rev-parse --symbolic-full-name master@{u}
fatal: no upstream configured for branch 'master'
> git for-each-ref --sort -committerdate --format %(refname) %(objectname)
> git remote --verbose
> git config --get commit.template
> git status -z -u
> git symbolic-ref --short HEAD
> git rev-parse master
> git rev-parse --symbolic-full-name master@{u}
fatal: no upstream configured for branch 'master'
> git for-each-ref --sort -committerdate --format %(refname) %(objectname)
> git remote --verbose
> git config --get commit.template
> git status -z -u
> git symbolic-ref --short HEAD
> git rev-parse master
> git rev-parse --symbolic-full-name master@{u}
fatal: no upstream configured for branch 'master'
> git for-each-ref --sort -committerdate --format %(refname) %(objectname)
> git remote --verbose
> git config --get commit.template
> git push
fatal: No configured push destination.
Either specify the URL from the command-line or configure a remote repository using

    git remote add <name> <url>

and then push using the remote name

    git push <name>
> git status -z -u
> git symbolic-ref --short HEAD
> git rev-parse master
> git rev-parse --symbolic-full-name master@{u}
fatal: no upstream configured for branch 'master'
> git for-each-ref --sort -committerdate --format %(refname) %(objectname)
> git remote --verbose
> git config --get commit.template
> git add -A -- /home/moria/.bash_history /home/moria/.cache/vscode-cpptools/ipch/baa6bb74364bee0e/anomaly_detection_util.ipch /home/moria/.local/share/CMakeTools/log.txt /home/moria/.vscode-server/data/User/workspaceStorage/56150ef4219ff57721955cc3262b396d/ms-vscode.cpptools/.browse.VC.db /home/moria/.vscode-server/data/User/workspaceStorage/56150ef4219ff57721955cc3262b396d/ms-vscode.cpptools/.browse.VC.db-shm /home/moria/.vscode-server/data/User/workspaceStorage/56150ef4219ff57721955cc3262b396d/ms-vscode.cpptools/.browse.VC.db-wal /home/moria/.vscode-server/data/logs/20201105T083959/exthost1/exthost.log /home/moria/.vscode-server/data/logs/20201105T083959/exthost1/output_logging_20201105T084017/1-Git.log /home/moria/.vscode-server/data/logs/20201105T083959/exthost1/output_logging_20201105T084018/2-remote-attach.log /home/moria/.vscode-server/data/logs/20201105T083959/exthost1/output_logging_20201105T084018/3-CC++.log /home/moria/.vscode-server/data/logs/20201105T083959/remoteagent.log /home/moria/.vscode-server/data/logs/20201105T170809/exthost1/exthost.log /home/moria/.vscode-server/data/logs/20201105T170809/exthost1/output_logging_20201105T170812/1-Git.log /home/moria/.vscode-server/data/logs/20201105T170809/remoteagent.log /home/moria/.vscode-server/extensions/ms-vscode.cpptools-1.0.1/.eslintignore /home/moria/.vscode-server/extensions/ms-vscode.cpptools-1.0.1/.vsixmanifest /home/moria/.vscode-server/extensions/ms-vscode.cpptools-1.0.1/CHANGELOG.md /home/moria/.vscode-server/extensions/ms-vscode.cpptools-1.0.1/LICENSE.txt /home/moria/.vscode-server/extensions/ms-vscode.cpptools-1.0.1/LLVM/bin/clang-format /home/moria/.vscode-server/extensions/ms-vscode.cpptools-1.0.1/LanguageCCPP_color_128x.png /home/moria/.vscode-server/extensions/ms-vscode.cpptools-1.0.1/README.md /home/moria/.vscode-server/extensions/ms-vscode.cpptools-1.0.1/ThirdPartyNotices.Mono.txt /home/moria/.vscode-server/extensions/ms-vscode.cpptools-1.0.1/ThirdPartyNotices.txt /home/moria/.vscode-server/extensions/ms-vscode.cpptools-1.0.1/VCPkgHeadersDatabase.zip /home/moria/.vscode-server/extensions/ms-vscode.cpptools-1.0.1/assets/Refresh.svg /home/moria/.vscode-server/extensions/ms-vscode.cpptools-1.0.1/assets/Refresh_inverse.svg /home/moria/.vscode-server/extensions/ms-vscode.cpptools-1.0.1/assets/cancel-dark.svg /home/moria/.vscode-server/extensions/ms-vscode.cpptools-1.0.1/assets/cancel-light.svg /home/moria/.vscode-server/extensions/ms-vscode.cpptools-1.0.1/assets/check-dark.svg /home/moria/.vscode-server/extensions/ms-vscode.cpptools-1.0.1/assets/check-light.svg /home/moria/.vscode-server/extensions/ms-vscode.cpptools-1.0.1/assets/cpp-rename-icon.svg /home/moria/.vscode-server/extensions/ms-vscode.cpptools-1.0.1/assets/minus-dark.svg /home/moria/.vscode-server/extensions/ms-vscode.cpptools-1.0.1/assets/minus-light.svg /home/moria/.vscode-server/extensions/ms-vscode.cpptools-1.0.1/assets/plus-dark.svg /home/moria/.vscode-server/extensions/ms-vscode.cpptools-1.0.1/assets/plus-light.svg /home/moria/.vscode-server/extensions/ms-vscode.cpptools-1.0.1/assets/ref-canceled-dark.svg /home/moria/.vscode-server/extensions/ms-vscode.cpptools-1.0.1/assets/ref-canceled-light.svg /home/moria/.vscode-server/extensions/ms-vscode.cpptools-1.0.1/assets/ref-cannot-confirm-dark.svg /home/moria/.vscode-server/extensions/ms-vscode.cpptools-1.0.1/assets/ref-cannot-confirm-light.svg /home/moria/.vscode-server/extensions/ms-vscode.cpptools-1.0.1/assets/ref-comment-dark.svg /home/moria/.vscode-server/extensions/ms-vscode.cpptools-1.0.1/assets/ref-comment-light.svg /home/moria/.vscode-server/extensions/ms-vscode.cpptools-1.0.1/assets/ref-confirmation-in-progress-dark.svg /home/moria/.vscode-server/extensions/ms-vscode.cpptools-1.0.1/assets/ref-confirmation-in-progress-light.svg /home/moria/.vscode-server/extensions/ms-vscode.cpptools-1.0.1/assets/ref-confirmed-dark.svg /home/moria/.vscode-server/extensions/ms-vscode.cpptools-1.0.1/assets/ref-confirmed-light.svg /home/moria/.vscode-server/extensions/ms-vscode.cpptools-1.0.1/assets/ref-group-by-type-dark.svg /home/moria/.vscode-server/extensions/ms-vscode.cpptools-1.0.1/assets/ref-group-by-type-light.svg /home/moria/.vscode-server/extensions/ms-vscode.cpptools-1.0.1/assets/ref-inactive-dark.svg /home/moria/.vscode-server/extensions/ms-vscode.cpptools-1.0.1/assets/ref-inactive-light.svg /home/moria/.vscode-server/extensions/ms-vscode.cpptools-1.0.1/assets/ref-not-a-reference-dark.svg /home/moria/.vscode-server/extensions/ms-vscode.cpptools-1.0.1/assets/ref-not-a-reference-light.svg /home/moria/.vscode-server/extensions/ms-vscode.cpptools-1.0.1/assets/ref-string-dark.svg /home/moria/.vscode-server/extensions/ms-vscode.cpptools-1.0.1/assets/ref-string-light.svg /home/moria/.vscode-server/extensions/ms-vscode.cpptools-1.0.1/assets/ref-ungroup-by-type-dark.svg /home/moria/.vscode-server/extensions/ms-vscode.cpptools-1.0.1/assets/ref-ungroup-by-type-light.svg /home/moria/.vscode-server/extensions/ms-vscode.cpptools-1.0.1/bin/LICENSE.txt /home/moria/.vscode-server/extensions/ms-vscode.cpptools-1.0.1/bin/cpptools /home/moria/.vscode-server/extensions/ms-vscode.cpptools-1.0.1/bin/cpptools-srv /home/moria/.vscode-server/extensions/ms-vscode.cpptools-1.0.1/bin/messages/cs/messages.json /home/moria/.vscode-server/extensions/ms-vscode.cpptools-1.0.1/bin/messages/de/messages.json /home/moria/.vscode-server/extensions/ms-vscode.cpptools-1.0.1/bin/messages/es/messages.json /home/moria/.vscode-server/extensions/ms-vscode.cpptools-1.0.1/bin/messages/fr/messages.json /home/moria/.vscode-server/extensions/ms-vscode.cpptools-1.0.1/bin/messages/it/messages.json /home/moria/.vscode-server/extensions/ms-vscode.cpptools-1.0.1/bin/messages/ja/messages.json /home/moria/.vscode-server/extensions/ms-vscode.cpptools-1.0.1/bin/messages/ko/messages.json /home/moria/.vscode-server/extensions/ms-vscode.cpptools-1.0.1/bin/messages/pl/messages.json /home/moria/.vscode-server/extensions/ms-vscode.cpptools-1.0.1/bin/messages/pt-br/messages.json /home/moria/.vscode-server/extensions/ms-vscode.cpptools-1.0.1/bin/messages/ru/messages.json /home/moria/.vscode-server/extensions/ms-vscode.cpptools-1.0.1/bin/messages/tr/messages.json /home/moria/.vscode-server/extensions/ms-vscode.cpptools-1.0.1/bin/messages/zh-CN/messages.json /home/moria/.vscode-server/extensions/ms-vscode.cpptools-1.0.1/bin/messages/zh-TW/messages.json /home/moria/.vscode-server/extensions/ms-vscode.cpptools-1.0.1/bin/msvc.arm32.clang.json /home/moria/.vscode-server/extensions/ms-vscode.cpptools-1.0.1/bin/msvc.arm32.gcc.json /home/moria/.vscode-server/extensions/ms-vscode.cpptools-1.0.1/bin/msvc.arm32.msvc.json /home/moria/.vscode-server/extensions/ms-vscode.cpptools-1.0.1/bin/msvc.arm64.clang.json /home/moria/.vscode-server/extensions/ms-vscode.cpptools-1.0.1/bin/msvc.arm64.gcc.json /home/moria/.vscode-server/extensions/ms-vscode.cpptools-1.0.1/bin/msvc.arm64.msvc.json /home/moria/.vscode-server/extensions/ms-vscode.cpptools-1.0.1/bin/msvc.json /home/moria/.vscode-server/extensions/ms-vscode.cpptools-1.0.1/bin/msvc.x64.clang.json /home/moria/.vscode-server/extensions/ms-vscode.cpptools-1.0.1/bin/msvc.x64.gcc.json /home/moria/.vscode-server/extensions/ms-vscode.cpptools-1.0.1/bin/msvc.x64.msvc.json /home/moria/.vscode-server/extensions/ms-vscode.cpptools-1.0.1/bin/msvc.x86.clang.json /home/moria/.vscode-server/extensions/ms-vscode.cpptools-1.0.1/bin/msvc.x86.gcc.json /home/moria/.vscode-server/extensions/ms-vscode.cpptools-1.0.1/bin/msvc.x86.msvc.json /home/moria/.vscode-server/extensions/ms-vscode.cpptools-1.0.1/c_cpp_properties.schema.json /home/moria/.vscode-server/extensions/ms-vscode.cpptools-1.0.1/cpp.hint /home/moria/.vscode-server/extensions/ms-vscode.cpptools-1.0.1/cppdbg.ad7Engine.json /home/moria/.vscode-server/extensions/ms-vscode.cpptools-1.0.1/cpptools.json /home/moria/.vscode-server/extensions/ms-vscode.cpptools-1.0.1/debugAdapters/OpenDebugAD7 /home/moria/.vscode-server/extensions/ms-vscode.cpptools-1.0.1/debugAdapters/bin/Microsoft.DebugEngineHost.dll /home/moria/.vscode-server/extensions/ms-vscode.cpptools-1.0.1/debugAdapters/bin/Microsoft.MICore.XmlSerializers.dll /home/moria/.vscode-server/extensions/ms-vscode.cpptools-1.0.1/debugAdapters/bin/Microsoft.MICore.dll /home/moria/.vscode-server/extensions/ms-vscode.cpptools-1.0.1/debugAdapters/bin/Microsoft.MIDebugEngine.dll /home/moria/.vscode-server/extensions/ms-vscode.cpptools-1.0.1/debugAdapters/bin/Microsoft.VisualStudio.Debugger.Interop.10.0.dll /home/moria/.vscode-server/extensions/ms-vscode.cpptools-1.0.1/debugAdapters/bin/Microsoft.VisualStudio.Debugger.Interop.11.0.dll /home/moria/.vscode-server/extensions/ms-vscode.cpptools-1.0.1/debugAdapters/bin/Microsoft.VisualStudio.Debugger.Interop.12.0.dll /home/moria/.vscode-server/extensions/ms-vscode.cpptools-1.0.1/debugAdapters/bin/Microsoft.VisualStudio.Debugger.Interop.15.0.dll /home/moria/.vscode-server/extensions/ms-vscode.cpptools-1.0.1/debugAdapters/bin/Microsoft.VisualStudio.Debugger.InteropA.dll /home/moria/.vscode-server/extensions/ms-vscode.cpptools-1.0.1/debugAdapters/bin/Microsoft.VisualStudio.Shared.VSCodeDebugProtocol.dll /home/moria/.vscode-server/extensions/ms-vscode.cpptools-1.0.1/debugAdapters/bin/Newtonsoft.Json.dll /home/moria/.vscode-server/extensions/ms-vscode.cpptools-1.0.1/debugAdapters/bin/OpenDebugAD7.exe /home/moria/.vscode-server/extensions/ms-vscode.cpptools-1.0.1/debugAdapters/bin/OpenDebugAD7.exe.config.unused /home/moria/.vscode-server/extensions/ms-vscode.cpptools-1.0.1/debugAdapters/bin/WindowsDebugLauncher.exe /home/moria/.vscode-server/extensions/ms-vscode.cpptools-1.0.1/debugAdapters/bin/cppdbg.ad7Engine.json /home/moria/.vscode-server/extensions/ms-vscode.cpptools-1.0.1/debugAdapters/bin/osxlaunchhelper.scpt /home/moria/.vscode-server/extensions/ms-vscode.cpptools-1.0.1/debugAdapters/framework/Facades/System.Collections.dll /home/moria/.vscode-server/extensions/ms-vscode.cpptools-1.0.1/debugAdapters/framework/Facades/System.Diagnostics.Debug.dll /home/moria/.vscode-server/extensions/ms-vscode.cpptools-1.0.1/debugAdapters/framework/Facades/System.Diagnostics.Tools.dll /home/moria/.vscode-server/extensions/ms-vscode.cpptools-1.0.1/debugAdapters/framework/Facades/System.Dynamic.Runtime.dll /home/moria/.vscode-server/extensions/ms-vscode.cpptools-1.0.1/debugAdapters/framework/Facades/System.Globalization.dll /home/moria/.vscode-server/extensions/ms-vscode.cpptools-1.0.1/debugAdapters/framework/Facades/System.IO.dll /home/moria/.vscode-server/extensions/ms-vscode.cpptools-1.0.1/debugAdapters/framework/Facades/System.Linq.Expressions.dll /home/moria/.vscode-server/extensions/ms-vscode.cpptools-1.0.1/debugAdapters/framework/Facades/System.Linq.dll /home/moria/.vscode-server/extensions/ms-vscode.cpptools-1.0.1/debugAdapters/framework/Facades/System.ObjectModel.dll /home/moria/.vscode-server/extensions/ms-vscode.cpptools-1.0.1/debugAdapters/framework/Facades/System.Reflection.Extensions.dll /home/moria/.vscode-server/extensions/ms-vscode.cpptools-1.0.1/debugAdapters/framework/Facades/System.Reflection.dll /home/moria/.vscode-server/extensions/ms-vscode.cpptools-1.0.1/debugAdapters/framework/Facades/System.Runtime.Extensions.dll /home/moria/.vscode-server/extensions/ms-vscode.cpptools-1.0.1/debugAdapters/framework/Facades/System.Runtime.InteropServices.dll /home/moria/.vscode-server/extensions/ms-vscode.cpptools-1.0.1/debugAdapters/framework/Facades/System.Runtime.Serialization.Primitives.dll /home/moria/.vscode-server/extensions/ms-vscode.cpptools-1.0.1/debugAdapters/framework/Facades/System.Runtime.dll /home/moria/.vscode-server/extensions/ms-vscode.cpptools-1.0.1/debugAdapters/framework/Facades/System.Text.Encoding.Extensions.dll /home/moria/.vscode-server/extensions/ms-vscode.cpptools-1.0.1/debugAdapters/framework/Facades/System.Text.Encoding.dll /home/moria/.vscode-server/extensions/ms-vscode.cpptools-1.0.1/debugAdapters/framework/Facades/System.Text.RegularExpressions.dll /home/moria/.vscode-server/extensions/ms-vscode.cpptools-1.0.1/debugAdapters/framework/Facades/System.Threading.Tasks.dll /home/moria/.vscode-server/extensions/ms-vscode.cpptools-1.0.1/debugAdapters/framework/Facades/System.Threading.dll /home/moria/.vscode-server/extensions/ms-vscode.cpptools-1.0.1/debugAdapters/framework/Facades/System.Xml.ReaderWriter.dll /home/moria/.vscode-server/extensions/ms-vscode.cpptools-1.0.1/debugAdapters/framework/Facades/System.Xml.XDocument.dll /home/moria/.vscode-server/extensions/ms-vscode.cpptools-1.0.1/debugAdapters/framework/Microsoft.CSharp.dll /home/moria/.vscode-server/extensions/ms-vscode.cpptools-1.0.1/debugAdapters/framework/Mono.CSharp.dll /home/moria/.vscode-server/extensions/ms-vscode.cpptools-1.0.1/debugAdapters/framework/Mono.Posix.dll /home/moria/.vscode-server/extensions/ms-vscode.cpptools-1.0.1/debugAdapters/framework/Mono.Security.dll /home/moria/.vscode-server/extensions/ms-vscode.cpptools-1.0.1/debugAdapters/framework/System.ComponentModel.Composition.dll /home/moria/.vscode-server/extensions/ms-vscode.cpptools-1.0.1/debugAdapters/framework/System.Configuration.dll /home/moria/.vscode-server/extensions/ms-vscode.cpptools-1.0.1/debugAdapters/framework/System.Core.dll /home/moria/.vscode-server/extensions/ms-vscode.cpptools-1.0.1/debugAdapters/framework/System.Runtime.Serialization.dll /home/moria/.vscode-server/extensions/ms-vscode.cpptools-1.0.1/debugAdapters/framework/System.Security.dll /home/moria/.vscode-server/extensions/ms-vscode.cpptools-1.0.1/debugAdapters/framework/System.ServiceModel.Internals.dll /home/moria/.vscode-server/extensions/ms-vscode.cpptools-1.0.1/debugAdapters/framework/System.Xml.Linq.dll /home/moria/.vscode-server/extensions/ms-vscode.cpptools-1.0.1/debugAdapters/framework/System.Xml.dll /home/moria/.vscode-server/extensions/ms-vscode.cpptools-1.0.1/debugAdapters/framework/System.dll /home/moria/.vscode-server/extensions/ms-vscode.cpptools-1.0.1/debugAdapters/framework/config.linux /home/moria/.vscode-server/extensions/ms-vscode.cpptools-1.0.1/debugAdapters/framework/config.osx /home/moria/.vscode-server/extensions/ms-vscode.cpptools-1.0.1/debugAdapters/framework/mscorlib.dll /home/moria/.vscode-server/extensions/ms-vscode.cpptools-1.0.1/debugAdapters/mono.linux-x86_64 /home/moria/.vscode-server/extensions/ms-vscode.cpptools-1.0.1/dist/html/cs/ui/settings.html /home/moria/.vscode-server/extensions/ms-vscode.cpptools-1.0.1/dist/html/de/ui/settings.html /home/moria/.vscode-server/extensions/ms-vscode.cpptools-1.0.1/dist/html/en/ui/settings.html /home/moria/.vscode-server/extensions/ms-vscode.cpptools-1.0.1/dist/html/es/ui/settings.html /home/moria/.vscode-server/extensions/ms-vscode.cpptools-1.0.1/dist/html/fr/ui/settings.html /home/moria/.vscode-server/extensions/ms-vscode.cpptools-1.0.1/dist/html/it/ui/settings.html /home/moria/.vscode-server/extensions/ms-vscode.cpptools-1.0.1/dist/html/ja/ui/settings.html /home/moria/.vscode-server/extensions/ms-vscode.cpptools-1.0.1/dist/html/ko/ui/settings.html /home/moria/.vscode-server/extensions/ms-vscode.cpptools-1.0.1/dist/html/pl/ui/settings.html /home/moria/.vscode-server/extensions/ms-vscode.cpptools-1.0.1/dist/html/pt-br/ui/settings.html /home/moria/.vscode-server/extensions/ms-vscode.cpptools-1.0.1/dist/html/ru/ui/settings.html /home/moria/.vscode-server/extensions/ms-vscode.cpptools-1.0.1/dist/html/tr/ui/settings.html /home/moria/.vscode-server/extensions/ms-vscode.cpptools-1.0.1/dist/html/zh-cn/ui/settings.html /home/moria/.vscode-server/extensions/ms-vscode.cpptools-1.0.1/dist/html/zh-tw/ui/settings.html /home/moria/.vscode-server/extensions/ms-vscode.cpptools-1.0.1/dist/main.js /home/moria/.vscode-server/extensions/ms-vscode.cpptools-1.0.1/dist/nls.bundle.cs.json /home/moria/.vscode-server/extensions/ms-vscode.cpptools-1.0.1/dist/nls.bundle.de.json /home/moria/.vscode-server/extensions/ms-vscode.cpptools-1.0.1/dist/nls.bundle.es.json /home/moria/.vscode-server/extensions/ms-vscode.cpptools-1.0.1/dist/nls.bundle.fr.json /home/moria/.vscode-server/extensions/ms-vscode.cpptools-1.0.1/dist/nls.bundle.it.json /home/moria/.vscode-server/extensions/ms-vscode.cpptools-1.0.1/dist/nls.bundle.ja.json /home/moria/.vscode-server/extensions/ms-vscode.cpptools-1.0.1/dist/nls.bundle.ko.json /home/moria/.vscode-server/extensions/ms-vscode.cpptools-1.0.1/dist/nls.bundle.pl.json /home/moria/.vscode-server/extensions/ms-vscode.cpptools-1.0.1/dist/nls.bundle.pt-br.json /home/moria/.vscode-server/extensions/ms-vscode.cpptools-1.0.1/dist/nls.bundle.ru.json /home/moria/.vscode-server/extensions/ms-vscode.cpptools-1.0.1/dist/nls.bundle.tr.json /home/moria/.vscode-server/extensions/ms-vscode.cpptools-1.0.1/dist/nls.bundle.zh-cn.json /home/moria/.vscode-server/extensions/ms-vscode.cpptools-1.0.1/dist/nls.bundle.zh-tw.json /home/moria/.vscode-server/extensions/ms-vscode.cpptools-1.0.1/dist/nls.metadata.header.json /home/moria/.vscode-server/extensions/ms-vscode.cpptools-1.0.1/dist/nls.metadata.json /home/moria/.vscode-server/extensions/ms-vscode.cpptools-1.0.1/dist/schema/cs/c_cpp_properties.schema.json /home/moria/.vscode-server/extensions/ms-vscode.cpptools-1.0.1/dist/schema/de/c_cpp_properties.schema.json /home/moria/.vscode-server/extensions/ms-vscode.cpptools-1.0.1/dist/schema/es/c_cpp_properties.schema.json /home/moria/.vscode-server/extensions/ms-vscode.cpptools-1.0.1/dist/schema/fr/c_cpp_properties.schema.json /home/moria/.vscode-server/extensions/ms-vscode.cpptools-1.0.1/dist/schema/it/c_cpp_properties.schema.json /home/moria/.vscode-server/extensions/ms-vscode.cpptools-1.0.1/dist/schema/ja/c_cpp_properties.schema.json /home/moria/.vscode-server/extensions/ms-vscode.cpptools-1.0.1/dist/schema/ko/c_cpp_properties.schema.json /home/moria/.vscode-server/extensions/ms-vscode.cpptools-1.0.1/dist/schema/pl/c_cpp_properties.schema.json /home/moria/.vscode-server/extensions/ms-vscode.cpptools-1.0.1/dist/schema/pt-br/c_cpp_properties.schema.json /home/moria/.vscode-server/extensions/ms-vscode.cpptools-1.0.1/dist/schema/ru/c_cpp_properties.schema.json /home/moria/.vscode-server/extensions/ms-vscode.cpptools-1.0.1/dist/schema/tr/c_cpp_properties.schema.json /home/moria/.vscode-server/extensions/ms-vscode.cpptools-1.0.1/dist/schema/zh-cn/c_cpp_properties.schema.json /home/moria/.vscode-server/extensions/ms-vscode.cpptools-1.0.1/dist/schema/zh-tw/c_cpp_properties.schema.json /home/moria/.vscode-server/extensions/ms-vscode.cpptools-1.0.1/dist/src/Debugger/ParsedEnvironmentFile.nls.metadata.json /home/moria/.vscode-server/extensions/ms-vscode.cpptools-1.0.1/dist/src/Debugger/attachQuickPick.nls.metadata.json /home/moria/.vscode-server/extensions/ms-vscode.cpptools-1.0.1/dist/src/Debugger/attachToProcess.nls.metadata.json /home/moria/.vscode-server/extensions/ms-vscode.cpptools-1.0.1/dist/src/Debugger/configurationProvider.nls.metadata.json /home/moria/.vscode-server/extensions/ms-vscode.cpptools-1.0.1/dist/src/Debugger/configurations.nls.metadata.json /home/moria/.vscode-server/extensions/ms-vscode.cpptools-1.0.1/dist/src/Debugger/debugAdapterDescriptorFactory.nls.metadata.json /home/moria/.vscode-server/extensions/ms-vscode.cpptools-1.0.1/dist/src/Debugger/extension.nls.metadata.json /home/moria/.vscode-server/extensions/ms-vscode.cpptools-1.0.1/dist/src/Debugger/nativeAttach.nls.metadata.json /home/moria/.vscode-server/extensions/ms-vscode.cpptools-1.0.1/dist/src/LanguageServer/client.nls.metadata.json /home/moria/.vscode-server/extensions/ms-vscode.cpptools-1.0.1/dist/src/LanguageServer/configurations.nls.metadata.json /home/moria/.vscode-server/extensions/ms-vscode.cpptools-1.0.1/dist/src/LanguageServer/extension.nls.metadata.json /home/moria/.vscode-server/extensions/ms-vscode.cpptools-1.0.1/dist/src/LanguageServer/languageConfig.nls.metadata.json /home/moria/.vscode-server/extensions/ms-vscode.cpptools-1.0.1/dist/src/LanguageServer/references.nls.metadata.json /home/moria/.vscode-server/extensions/ms-vscode.cpptools-1.0.1/dist/src/LanguageServer/referencesTreeDataProvider.nls.metadata.json /home/moria/.vscode-server/extensions/ms-vscode.cpptools-1.0.1/dist/src/LanguageServer/ui.nls.metadata.json /home/moria/.vscode-server/extensions/ms-vscode.cpptools-1.0.1/dist/src/commands.nls.metadata.json /home/moria/.vscode-server/extensions/ms-vscode.cpptools-1.0.1/dist/src/common.nls.metadata.json /home/moria/.vscode-server/extensions/ms-vscode.cpptools-1.0.1/dist/src/cppTools.nls.metadata.json /home/moria/.vscode-server/extensions/ms-vscode.cpptools-1.0.1/dist/src/main.nls.metadata.json /home/moria/.vscode-server/extensions/ms-vscode.cpptools-1.0.1/dist/src/nativeStrings.nls.metadata.json /home/moria/.vscode-server/extensions/ms-vscode.cpptools-1.0.1/dist/src/packageManager.nls.metadata.json /home/moria/.vscode-server/extensions/ms-vscode.cpptools-1.0.1/dist/src/platform.nls.metadata.json /home/moria/.vscode-server/extensions/ms-vscode.cpptools-1.0.1/install.lock /home/moria/.vscode-server/extensions/ms-vscode.cpptools-1.0.1/out/ui/settings.js /home/moria/.vscode-server/extensions/ms-vscode.cpptools-1.0.1/package.json /home/moria/.vscode-server/extensions/ms-vscode.cpptools-1.0.1/package.nls.cs.json /home/moria/.vscode-server/extensions/ms-vscode.cpptools-1.0.1/package.nls.de.json /home/moria/.vscode-server/extensions/ms-vscode.cpptools-1.0.1/package.nls.es.json /home/moria/.vscode-server/extensions/ms-vscode.cpptools-1.0.1/package.nls.fr.json /home/moria/.vscode-server/extensions/ms-vscode.cpptools-1.0.1/package.nls.it.json /home/moria/.vscode-server/extensions/ms-vscode.cpptools-1.0.1/package.nls.ja.json /home/moria/.vscode-server/extensions/ms-vscode.cpptools-1.0.1/package.nls.json /home/moria/.vscode-server/extensions/ms-vscode.cpptools-1.0.1/package.nls.ko.json /home/moria/.vscode-server/extensions/ms-vscode.cpptools-1.0.1/package.nls.pl.json /home/moria/.vscode-server/extensions/ms-vscode.cpptools-1.0.1/package.nls.pt-br.json /home/moria/.vscode-server/extensions/ms-vscode.cpptools-1.0.1/package.nls.ru.json /home/moria/.vscode-server/extensions/ms-vscode.cpptools-1.0.1/package.nls.tr.json /home/moria/.vscode-server/extensions/ms-vscode.cpptools-1.0.1/package.nls.zh-cn.json /home/moria/.vscode-server/extensions/ms-vscode.cpptools-1.0.1/package.nls.zh-tw.json /home/moria/.vscode-server/extensions/ms-vscode.cpptools-1.0.1/ui/.eslintrc.js /home/moria/.vscode-server/extensions/ms-vscode.cpptools-1.0.1/ui/settings.html /home/moria/.vscode-server/extensions/ms-vscode.cpptools-1.1.0-insiders4/LLVM/bin/clang-format /home/moria/.vscode-server/extensions/ms-vscode.cpptools-1.1.0-insiders4/bin/cpptools /home/moria/.vscode-server/extensions/ms-vscode.cpptools-1.1.0-insiders4/bin/cpptools-srv /home/moria/.vscode-server/extensions/ms-vscode.cpptools-1.1.0-insiders4/cpptools.json /home/moria/.vscode-server/extensions/ms-vscode.cpptools-1.1.0-insiders4/debugAdapters/OpenDebugAD7 /home/moria/.vscode-server/extensions/ms-vscode.cpptools-1.1.0-insiders4/debugAdapters/mono.linux-x86_64 /home/moria/.vscode-server/extensions/ms-vscode.cpptools-1.1.0-insiders4/package.json /home/moria/build/.cmake/api/v1/reply/index-2020-11-05T15-34-41-0360.json /home/moria/build/Testing/Temporary/LastTest.log /home/moria/.gitconfig /home/moria/.vscode-server/data/logs/20201105T190337/exthost1/exthost.log /home/moria/.vscode-server/data/logs/20201105T190337/exthost1/output_logging_20201105T190339/1-Git.log /home/moria/.vscode-server/data/logs/20201105T190337/exthost1/output_logging_20201105T190339/2-remote-attach.log /home/moria/.vscode-server/data/logs/20201105T190337/exthost1/output_logging_20201105T190340/3-CC++.log /home/moria/.vscode-server/data/logs/20201105T190337/exthost1/output_logging_20201105T190340/4-CMakeBuild.log /home/moria/.vscode-server/data/logs/20201105T190337/remoteagent.log /home/moria/build/.cmake/api/v1/reply/index-2020-11-05T17-03-52-0423.json
