[variant] Loaded new set of variants
[kit] Successfully loaded 4 kits from /home/moria/.local/share/CMakeTools/cmake-tools-kits.json
[main] Configuring folder: moria 
[proc] Executing command: /usr/bin/cmake --no-warn-unused-cli -DCMAKE_EXPORT_COMPILE_COMMANDS:BOOL=TRUE -DCMAKE_BUILD_TYPE:STRING=Debug -DCMAKE_C_COMPILER:FILEPATH=/bin/gcc-9 -DCMAKE_CXX_COMPILER:FILEPATH=/bin/g++-9 -H/home/moria -B/home/moria/build -G "Unix Makefiles"
[cmake] Not searching for unused variables given on the command line.
[cmake] -- Configuring done
[cmake] -- Generating done
[cmake] -- Build files have been written to: /home/moria/build
[main] Building folder: moria 
[build] Starting build
[proc] Executing command: /usr/bin/cmake --build /home/moria/build --config Debug --target all -- -j 10
[build] Scanning dependencies of target ass1
[build] [ 33%] Building CXX object CMakeFiles/ass1.dir/anomaly_detection_util.cpp.o
[build] [ 66%] Linking CXX executable ass1
[build] [100%] Built target ass1
[build] Build finished with exit code 0
[main] Building folder: moria 
[build] Starting build
[proc] Executing command: /usr/bin/cmake --build /home/moria/build --config Debug --target all -- -j 10
[build] Scanning dependencies of target ass1
[build] [ 33%] Building CXX object CMakeFiles/ass1.dir/anomaly_detection_util.cpp.o
[build] [ 66%] Linking CXX executable ass1
[build] [100%] Built target ass1
[build] Build finished with exit code 0
[main] Building folder: moria ass1
[build] Starting build
[proc] Executing command: /usr/bin/cmake --build /home/moria/build --config Debug --target ass1 -- -j 10
[build] [100%] Built target ass1
[build] Build finished with exit code 0
[proc] Executing command: /bin/gdb --version
[main] Building folder: moria 
[build] Starting build
[proc] Executing command: /usr/bin/cmake --build /home/moria/build --config Debug --target all -- -j 10
[build] Scanning dependencies of target ass1
[build] [ 33%] Building CXX object CMakeFiles/ass1.dir/anomaly_detection_util.cpp.o
[build] [ 66%] Linking CXX executable ass1
[build] [100%] Built target ass1
[build] Build finished with exit code 0
[main] Building folder: moria ass1
[build] Starting build
[proc] Executing command: /usr/bin/cmake --build /home/moria/build --config Debug --target ass1 -- -j 10
[build] [100%] Built target ass1
[build] Build finished with exit code 0
[proc] Executing command: /bin/gdb --version
[main] Building folder: moria ass1
[build] Starting build
[proc] Executing command: /usr/bin/cmake --build /home/moria/build --config Debug --target ass1 -- -j 10
[build] [100%] Built target ass1
[build] Build finished with exit code 0
[proc] Executing command: /bin/gdb --version
[main] Building folder: moria 
[build] Starting build
[proc] Executing command: /usr/bin/cmake --build /home/moria/build --config Debug --target all -- -j 10
[build] Scanning dependencies of target ass1
[build] [ 33%] Building CXX object CMakeFiles/ass1.dir/anomaly_detection_util.cpp.o
[build] [ 66%] Linking CXX executable ass1
[build] [100%] Built target ass1
[build] Build finished with exit code 0
[main] Building folder: moria ass1
[build] Starting build
[proc] Executing command: /usr/bin/cmake --build /home/moria/build --config Debug --target ass1 -- -j 10
[build] [100%] Built target ass1
[build] Build finished with exit code 0
[proc] Executing command: /bin/gdb --version
[main] Building folder: moria 
[build] Starting build
[proc] Executing command: /usr/bin/cmake --build /home/moria/build --config Debug --target all -- -j 10
[build] Scanning dependencies of target ass1
[build] [ 33%] Building CXX object CMakeFiles/ass1.dir/anomaly_detection_util.cpp.o
[build] [ 66%] Linking CXX executable ass1
[build] [100%] Built target ass1
[build] Build finished with exit code 0
[main] Building folder: moria ass1
[build] Starting build
[proc] Executing command: /usr/bin/cmake --build /home/moria/build --config Debug --target ass1 -- -j 10
[build] [100%] Built target ass1
[build] Build finished with exit code 0
[proc] Executing command: /bin/gdb --version
[main] Building folder: moria 
[build] Starting build
[proc] Executing command: /usr/bin/cmake --build /home/moria/build --config Debug --target all -- -j 10
[build] [100%] Built target ass1
[build] Build finished with exit code 0
[main] Building folder: moria ass1
[build] Starting build
[proc] Executing command: /usr/bin/cmake --build /home/moria/build --config Debug --target ass1 -- -j 10
[build] [100%] Built target ass1
[build] Build finished with exit code 0
[proc] Executing command: /bin/gdb --version
[main] Building folder: moria 
[build] Starting build
[proc] Executing command: /usr/bin/cmake --build /home/moria/build --config Debug --target all -- -j 10
[build] Scanning dependencies of target ass1
[build] [ 33%] Building CXX object CMakeFiles/ass1.dir/anomaly_detection_util.cpp.o
[build] [ 66%] Linking CXX executable ass1
[build] [100%] Built target ass1
[build] Build finished with exit code 0
[main] Building folder: moria ass1
[build] Starting build
[proc] Executing command: /usr/bin/cmake --build /home/moria/build --config Debug --target ass1 -- -j 10
[build] [100%] Built target ass1
[build] Build finished with exit code 0
[proc] Executing command: /bin/gdb --version
[main] Building folder: moria 
[build] Starting build
[proc] Executing command: /usr/bin/cmake --build /home/moria/build --config Debug --target all -- -j 10
[build] Scanning dependencies of target ass1
[build] [ 33%] Building CXX object CMakeFiles/ass1.dir/anomaly_detection_util.cpp.o
[build] [ 66%] Linking CXX executable ass1
[build] [100%] Built target ass1
[build] Build finished with exit code 0
[main] Building folder: moria ass1
[build] Starting build
[proc] Executing command: /usr/bin/cmake --build /home/moria/build --config Debug --target ass1 -- -j 10
[build] [100%] Built target ass1
[build] Build finished with exit code 0
[proc] Executing command: /bin/gdb --version
[main] Building folder: moria 
[build] Starting build
[proc] Executing command: /usr/bin/cmake --build /home/moria/build --config Debug --target all -- -j 10
[build] Scanning dependencies of target ass1
[build] [ 33%] Building CXX object CMakeFiles/ass1.dir/anomaly_detection_util.cpp.o
[build] [ 66%] Linking CXX executable ass1
[build] [100%] Built target ass1
[build] Build finished with exit code 0
[main] Building folder: moria ass1
[build] Starting build
[proc] Executing command: /usr/bin/cmake --build /home/moria/build --config Debug --target ass1 -- -j 10
[build] [100%] Built target ass1
[build] Build finished with exit code 0
[proc] Executing command: /bin/gdb --version
