[2020-11-05 16:03:04.242] [exthost] [info] extension host started
[2020-11-05 16:03:04.590] [exthost] [info] ExtensionService#_doActivateExtension ms-vscode.cpptools {"startup":false,"extensionId":{"value":"ms-vscode.cpptools","_lower":"ms-vscode.cpptools"},"activationEvent":"onLanguage:cpp"}
[2020-11-05 16:03:04.590] [exthost] [info] ExtensionService#loadCommonJSModule file:///home/moria/.vscode-server/extensions/ms-vscode.cpptools-1.1.0-insiders4/dist/main
[2020-11-05 16:03:05.124] [exthost] [info] ExtensionService#_doActivateExtension ms-vscode.js-debug {"startup":false,"extensionId":{"value":"ms-vscode.js-debug","_lower":"ms-vscode.js-debug"},"activationEvent":"onDebugDynamicConfigurations"}
[2020-11-05 16:03:05.125] [exthost] [info] ExtensionService#loadCommonJSModule file:///home/moria/.vscode-server/bin/d2e414d9e4239a252d1ab117bd7067f125afd80a/extensions/ms-vscode.js-debug/src/extension.js
[2020-11-05 16:03:05.911] [exthost] [info] ExtensionService#_doActivateExtension vscode.debug-auto-launch {"startup":true,"extensionId":{"value":"vscode.debug-auto-launch","_lower":"vscode.debug-auto-launch"},"activationEvent":"*"}
[2020-11-05 16:03:05.912] [exthost] [info] ExtensionService#loadCommonJSModule file:///home/moria/.vscode-server/bin/d2e414d9e4239a252d1ab117bd7067f125afd80a/extensions/debug-auto-launch/dist/extension
[2020-11-05 16:03:05.922] [exthost] [info] ExtensionService#_doActivateExtension vscode.emmet {"startup":true,"extensionId":{"value":"vscode.emmet","_lower":"vscode.emmet"},"activationEvent":"*"}
[2020-11-05 16:03:05.922] [exthost] [info] ExtensionService#loadCommonJSModule file:///home/moria/.vscode-server/bin/d2e414d9e4239a252d1ab117bd7067f125afd80a/extensions/emmet/dist/node/emmetNodeMain
[2020-11-05 16:03:06.024] [exthost] [info] ExtensionService#_doActivateExtension vscode.git {"startup":true,"extensionId":{"value":"vscode.github","_lower":"vscode.github"},"activationEvent":"*"}
[2020-11-05 16:03:06.024] [exthost] [info] ExtensionService#loadCommonJSModule file:///home/moria/.vscode-server/bin/d2e414d9e4239a252d1ab117bd7067f125afd80a/extensions/git/dist/main
[2020-11-05 16:03:06.148] [exthost] [info] ExtensionService#_doActivateExtension vscode.merge-conflict {"startup":true,"extensionId":{"value":"vscode.merge-conflict","_lower":"vscode.merge-conflict"},"activationEvent":"*"}
[2020-11-05 16:03:06.148] [exthost] [info] ExtensionService#loadCommonJSModule file:///home/moria/.vscode-server/bin/d2e414d9e4239a252d1ab117bd7067f125afd80a/extensions/merge-conflict/dist/mergeConflictMain
[2020-11-05 16:03:06.160] [exthost] [info] ExtensionService#_doActivateExtension vscode.search-result {"startup":true,"extensionId":{"value":"vscode.search-result","_lower":"vscode.search-result"},"activationEvent":"*"}
[2020-11-05 16:03:06.160] [exthost] [info] ExtensionService#loadCommonJSModule file:///home/moria/.vscode-server/bin/d2e414d9e4239a252d1ab117bd7067f125afd80a/extensions/search-result/dist/extension.js
[2020-11-05 16:03:06.594] [exthost] [info] ExtensionService#_doActivateExtension vscode.github {"startup":true,"extensionId":{"value":"vscode.github","_lower":"vscode.github"},"activationEvent":"*"}
[2020-11-05 16:03:06.595] [exthost] [info] ExtensionService#loadCommonJSModule file:///home/moria/.vscode-server/bin/d2e414d9e4239a252d1ab117bd7067f125afd80a/extensions/github/dist/extension.js
[2020-11-05 16:03:06.916] [exthost] [info] ExtensionService#_doActivateExtension ms-vscode.cmake-tools {"startup":true,"extensionId":{"value":"ms-vscode.cmake-tools","_lower":"ms-vscode.cmake-tools"},"activationEvent":"workspaceContains:**/CMakeLists.txt"}
[2020-11-05 16:03:06.916] [exthost] [info] ExtensionService#loadCommonJSModule file:///home/moria/.vscode-server/extensions/ms-vscode.cmake-tools-1.4.2/dist/main
[2020-11-05 16:03:08.582] [exthost] [info] ExtensionService#_doActivateExtension vscode.configuration-editing {"startup":false,"extensionId":{"value":"vscode.configuration-editing","_lower":"vscode.configuration-editing"},"activationEvent":"onLanguage:json"}
[2020-11-05 16:03:08.583] [exthost] [info] ExtensionService#loadCommonJSModule file:///home/moria/.vscode-server/bin/d2e414d9e4239a252d1ab117bd7067f125afd80a/extensions/configuration-editing/dist/configurationEditingMain
[2020-11-05 16:03:08.604] [exthost] [info] ExtensionService#_doActivateExtension vscode.extension-editing {"startup":false,"extensionId":{"value":"vscode.extension-editing","_lower":"vscode.extension-editing"},"activationEvent":"onLanguage:json"}
[2020-11-05 16:03:08.605] [exthost] [info] ExtensionService#loadCommonJSModule file:///home/moria/.vscode-server/bin/d2e414d9e4239a252d1ab117bd7067f125afd80a/extensions/extension-editing/dist/extensionEditingMain
[2020-11-05 16:03:08.663] [exthost] [info] ExtensionService#_doActivateExtension vscode.json-language-features {"startup":false,"extensionId":{"value":"vscode.json-language-features","_lower":"vscode.json-language-features"},"activationEvent":"onLanguage:json"}
[2020-11-05 16:03:08.663] [exthost] [info] ExtensionService#loadCommonJSModule file:///home/moria/.vscode-server/bin/d2e414d9e4239a252d1ab117bd7067f125afd80a/extensions/json-language-features/client/dist/node/jsonClientMain
[2020-11-05 16:03:08.777] [exthost] [info] ExtensionService#_doActivateExtension vscode.npm {"startup":false,"extensionId":{"value":"vscode.npm","_lower":"vscode.npm"},"activationEvent":"onLanguage:json"}
[2020-11-05 16:03:08.778] [exthost] [info] ExtensionService#loadCommonJSModule file:///home/moria/.vscode-server/bin/d2e414d9e4239a252d1ab117bd7067f125afd80a/extensions/npm/dist/npmMain
[2020-11-05 16:03:09.025] [exthost] [info] ExtensionService#_doActivateExtension vscode.typescript-language-features {"startup":false,"extensionId":{"value":"vscode.typescript-language-features","_lower":"vscode.typescript-language-features"},"activationEvent":"onLanguage:jsonc"}
[2020-11-05 16:03:09.025] [exthost] [info] ExtensionService#loadCommonJSModule file:///home/moria/.vscode-server/bin/d2e414d9e4239a252d1ab117bd7067f125afd80a/extensions/typescript-language-features/dist/extension
[2020-11-05 16:03:10.900] [exthost] [info] eager extensions activated
[2020-11-05 16:03:11.151] [exthost] [error] [ms-vscode.cpptools] provider FAILED
[2020-11-05 16:03:11.151] [exthost] [error] undefined
[2020-11-05 16:03:14.130] [exthost] [error] [ms-vscode.cpptools] provider FAILED
[2020-11-05 16:03:14.130] [exthost] [error] undefined
