[2020-11-05 08:40:11.264] [exthost] [info] extension host started
[2020-11-05 08:40:11.701] [exthost] [info] ExtensionService#_doActivateExtension ms-vscode.js-debug {"startup":false,"extensionId":{"value":"ms-vscode.js-debug","_lower":"ms-vscode.js-debug"},"activationEvent":"onDebugDynamicConfigurations"}
[2020-11-05 08:40:11.703] [exthost] [info] ExtensionService#loadCommonJSModule file:///home/moria/.vscode-server/bin/d2e414d9e4239a252d1ab117bd7067f125afd80a/extensions/ms-vscode.js-debug/src/extension.js
[2020-11-05 08:40:14.630] [exthost] [info] ExtensionService#_doActivateExtension vscode.debug-auto-launch {"startup":true,"extensionId":{"value":"vscode.debug-auto-launch","_lower":"vscode.debug-auto-launch"},"activationEvent":"*"}
[2020-11-05 08:40:14.631] [exthost] [info] ExtensionService#loadCommonJSModule file:///home/moria/.vscode-server/bin/d2e414d9e4239a252d1ab117bd7067f125afd80a/extensions/debug-auto-launch/dist/extension
[2020-11-05 08:40:14.662] [exthost] [info] ExtensionService#_doActivateExtension vscode.emmet {"startup":true,"extensionId":{"value":"vscode.emmet","_lower":"vscode.emmet"},"activationEvent":"*"}
[2020-11-05 08:40:14.663] [exthost] [info] ExtensionService#loadCommonJSModule file:///home/moria/.vscode-server/bin/d2e414d9e4239a252d1ab117bd7067f125afd80a/extensions/emmet/dist/node/emmetNodeMain
[2020-11-05 08:40:14.961] [exthost] [info] ExtensionService#_doActivateExtension vscode.git {"startup":true,"extensionId":{"value":"vscode.github","_lower":"vscode.github"},"activationEvent":"*"}
[2020-11-05 08:40:14.961] [exthost] [info] ExtensionService#loadCommonJSModule file:///home/moria/.vscode-server/bin/d2e414d9e4239a252d1ab117bd7067f125afd80a/extensions/git/dist/main
[2020-11-05 08:40:15.499] [exthost] [info] ExtensionService#_doActivateExtension vscode.merge-conflict {"startup":true,"extensionId":{"value":"vscode.merge-conflict","_lower":"vscode.merge-conflict"},"activationEvent":"*"}
[2020-11-05 08:40:15.500] [exthost] [info] ExtensionService#loadCommonJSModule file:///home/moria/.vscode-server/bin/d2e414d9e4239a252d1ab117bd7067f125afd80a/extensions/merge-conflict/dist/mergeConflictMain
[2020-11-05 08:40:15.540] [exthost] [info] ExtensionService#_doActivateExtension vscode.search-result {"startup":true,"extensionId":{"value":"vscode.search-result","_lower":"vscode.search-result"},"activationEvent":"*"}
[2020-11-05 08:40:15.540] [exthost] [info] ExtensionService#loadCommonJSModule file:///home/moria/.vscode-server/bin/d2e414d9e4239a252d1ab117bd7067f125afd80a/extensions/search-result/dist/extension.js
[2020-11-05 08:40:15.556] [exthost] [info] ExtensionService#_doActivateExtension ms-vscode.cpptools {"startup":true,"extensionId":{"value":"ms-vscode.cpptools","_lower":"ms-vscode.cpptools"},"activationEvent":"*"}
[2020-11-05 08:40:15.556] [exthost] [info] ExtensionService#loadCommonJSModule file:///home/moria/.vscode-server/extensions/ms-vscode.cpptools-1.0.1/dist/main
[2020-11-05 08:40:24.610] [exthost] [info] ExtensionService#_doActivateExtension vscode.debug-server-ready {"startup":false,"extensionId":{"value":"vscode.debug-server-ready","_lower":"vscode.debug-server-ready"},"activationEvent":"onDebugResolve"}
[2020-11-05 08:40:24.610] [exthost] [info] ExtensionService#loadCommonJSModule file:///home/moria/.vscode-server/bin/d2e414d9e4239a252d1ab117bd7067f125afd80a/extensions/debug-server-ready/dist/extension
[2020-11-05 08:40:31.331] [exthost] [info] ExtensionService#_doActivateExtension vscode.github {"startup":true,"extensionId":{"value":"vscode.github","_lower":"vscode.github"},"activationEvent":"*"}
[2020-11-05 08:40:31.331] [exthost] [info] ExtensionService#loadCommonJSModule file:///home/moria/.vscode-server/bin/d2e414d9e4239a252d1ab117bd7067f125afd80a/extensions/github/dist/extension.js
[2020-11-05 08:40:31.366] [exthost] [info] eager extensions activated
[2020-11-05 08:40:33.085] [exthost] [info] ExtensionService#_doActivateExtension vscode.configuration-editing {"startup":false,"extensionId":{"value":"vscode.configuration-editing","_lower":"vscode.configuration-editing"},"activationEvent":"onLanguage:json"}
[2020-11-05 08:40:33.086] [exthost] [info] ExtensionService#loadCommonJSModule file:///home/moria/.vscode-server/bin/d2e414d9e4239a252d1ab117bd7067f125afd80a/extensions/configuration-editing/dist/configurationEditingMain
[2020-11-05 08:40:33.108] [exthost] [info] ExtensionService#_doActivateExtension vscode.extension-editing {"startup":false,"extensionId":{"value":"vscode.extension-editing","_lower":"vscode.extension-editing"},"activationEvent":"onLanguage:json"}
[2020-11-05 08:40:33.108] [exthost] [info] ExtensionService#loadCommonJSModule file:///home/moria/.vscode-server/bin/d2e414d9e4239a252d1ab117bd7067f125afd80a/extensions/extension-editing/dist/extensionEditingMain
[2020-11-05 08:40:33.165] [exthost] [info] ExtensionService#_doActivateExtension vscode.json-language-features {"startup":false,"extensionId":{"value":"vscode.json-language-features","_lower":"vscode.json-language-features"},"activationEvent":"onLanguage:json"}
[2020-11-05 08:40:33.165] [exthost] [info] ExtensionService#loadCommonJSModule file:///home/moria/.vscode-server/bin/d2e414d9e4239a252d1ab117bd7067f125afd80a/extensions/json-language-features/client/dist/node/jsonClientMain
[2020-11-05 08:40:33.289] [exthost] [info] ExtensionService#_doActivateExtension vscode.npm {"startup":false,"extensionId":{"value":"vscode.npm","_lower":"vscode.npm"},"activationEvent":"onLanguage:json"}
[2020-11-05 08:40:33.289] [exthost] [info] ExtensionService#loadCommonJSModule file:///home/moria/.vscode-server/bin/d2e414d9e4239a252d1ab117bd7067f125afd80a/extensions/npm/dist/npmMain
