[2020-11-05 13:25:50.080] [exthost] [info] extension host started
[2020-11-05 13:25:50.390] [exthost] [info] ExtensionService#_doActivateExtension ms-vscode.cpptools {"startup":false,"extensionId":{"value":"ms-vscode.cpptools","_lower":"ms-vscode.cpptools"},"activationEvent":"onLanguage:cpp"}
[2020-11-05 13:25:50.391] [exthost] [info] ExtensionService#loadCommonJSModule file:///home/moria/.vscode-server/extensions/ms-vscode.cpptools-1.1.0-insiders4/dist/main
[2020-11-05 13:25:50.788] [exthost] [info] ExtensionService#_doActivateExtension ms-vscode.js-debug {"startup":false,"extensionId":{"value":"ms-vscode.js-debug","_lower":"ms-vscode.js-debug"},"activationEvent":"onDebugDynamicConfigurations"}
[2020-11-05 13:25:50.789] [exthost] [info] ExtensionService#loadCommonJSModule file:///home/moria/.vscode-server/bin/d2e414d9e4239a252d1ab117bd7067f125afd80a/extensions/ms-vscode.js-debug/src/extension.js
[2020-11-05 13:25:51.672] [exthost] [info] ExtensionService#_doActivateExtension vscode.debug-auto-launch {"startup":true,"extensionId":{"value":"vscode.debug-auto-launch","_lower":"vscode.debug-auto-launch"},"activationEvent":"*"}
[2020-11-05 13:25:51.673] [exthost] [info] ExtensionService#loadCommonJSModule file:///home/moria/.vscode-server/bin/d2e414d9e4239a252d1ab117bd7067f125afd80a/extensions/debug-auto-launch/dist/extension
[2020-11-05 13:25:51.683] [exthost] [info] ExtensionService#_doActivateExtension vscode.emmet {"startup":true,"extensionId":{"value":"vscode.emmet","_lower":"vscode.emmet"},"activationEvent":"*"}
[2020-11-05 13:25:51.684] [exthost] [info] ExtensionService#loadCommonJSModule file:///home/moria/.vscode-server/bin/d2e414d9e4239a252d1ab117bd7067f125afd80a/extensions/emmet/dist/node/emmetNodeMain
[2020-11-05 13:25:51.736] [exthost] [info] ExtensionService#_doActivateExtension vscode.git {"startup":true,"extensionId":{"value":"vscode.github","_lower":"vscode.github"},"activationEvent":"*"}
[2020-11-05 13:25:51.736] [exthost] [info] ExtensionService#loadCommonJSModule file:///home/moria/.vscode-server/bin/d2e414d9e4239a252d1ab117bd7067f125afd80a/extensions/git/dist/main
[2020-11-05 13:25:51.833] [exthost] [info] ExtensionService#_doActivateExtension vscode.merge-conflict {"startup":true,"extensionId":{"value":"vscode.merge-conflict","_lower":"vscode.merge-conflict"},"activationEvent":"*"}
[2020-11-05 13:25:51.833] [exthost] [info] ExtensionService#loadCommonJSModule file:///home/moria/.vscode-server/bin/d2e414d9e4239a252d1ab117bd7067f125afd80a/extensions/merge-conflict/dist/mergeConflictMain
[2020-11-05 13:25:51.844] [exthost] [info] ExtensionService#_doActivateExtension vscode.search-result {"startup":true,"extensionId":{"value":"vscode.search-result","_lower":"vscode.search-result"},"activationEvent":"*"}
[2020-11-05 13:25:51.844] [exthost] [info] ExtensionService#loadCommonJSModule file:///home/moria/.vscode-server/bin/d2e414d9e4239a252d1ab117bd7067f125afd80a/extensions/search-result/dist/extension.js
[2020-11-05 13:25:52.294] [exthost] [info] ExtensionService#_doActivateExtension vscode.github {"startup":true,"extensionId":{"value":"vscode.github","_lower":"vscode.github"},"activationEvent":"*"}
[2020-11-05 13:25:52.295] [exthost] [info] ExtensionService#loadCommonJSModule file:///home/moria/.vscode-server/bin/d2e414d9e4239a252d1ab117bd7067f125afd80a/extensions/github/dist/extension.js
[2020-11-05 13:25:52.413] [exthost] [info] ExtensionService#_doActivateExtension ms-vscode.cmake-tools {"startup":true,"extensionId":{"value":"ms-vscode.cmake-tools","_lower":"ms-vscode.cmake-tools"},"activationEvent":"workspaceContains:**/CMakeLists.txt"}
[2020-11-05 13:25:52.413] [exthost] [info] ExtensionService#loadCommonJSModule file:///home/moria/.vscode-server/extensions/ms-vscode.cmake-tools-1.4.2/dist/main
[2020-11-05 13:25:53.347] [exthost] [info] ExtensionService#_doActivateExtension vscode.configuration-editing {"startup":false,"extensionId":{"value":"vscode.configuration-editing","_lower":"vscode.configuration-editing"},"activationEvent":"onLanguage:json"}
[2020-11-05 13:25:53.347] [exthost] [info] ExtensionService#loadCommonJSModule file:///home/moria/.vscode-server/bin/d2e414d9e4239a252d1ab117bd7067f125afd80a/extensions/configuration-editing/dist/configurationEditingMain
[2020-11-05 13:25:53.362] [exthost] [info] ExtensionService#_doActivateExtension vscode.extension-editing {"startup":false,"extensionId":{"value":"vscode.extension-editing","_lower":"vscode.extension-editing"},"activationEvent":"onLanguage:json"}
[2020-11-05 13:25:53.363] [exthost] [info] ExtensionService#loadCommonJSModule file:///home/moria/.vscode-server/bin/d2e414d9e4239a252d1ab117bd7067f125afd80a/extensions/extension-editing/dist/extensionEditingMain
[2020-11-05 13:25:53.395] [exthost] [info] ExtensionService#_doActivateExtension vscode.json-language-features {"startup":false,"extensionId":{"value":"vscode.json-language-features","_lower":"vscode.json-language-features"},"activationEvent":"onLanguage:json"}
[2020-11-05 13:25:53.395] [exthost] [info] ExtensionService#loadCommonJSModule file:///home/moria/.vscode-server/bin/d2e414d9e4239a252d1ab117bd7067f125afd80a/extensions/json-language-features/client/dist/node/jsonClientMain
[2020-11-05 13:25:53.511] [exthost] [info] ExtensionService#_doActivateExtension vscode.npm {"startup":false,"extensionId":{"value":"vscode.npm","_lower":"vscode.npm"},"activationEvent":"onLanguage:json"}
[2020-11-05 13:25:53.511] [exthost] [info] ExtensionService#loadCommonJSModule file:///home/moria/.vscode-server/bin/d2e414d9e4239a252d1ab117bd7067f125afd80a/extensions/npm/dist/npmMain
[2020-11-05 13:25:53.824] [exthost] [info] ExtensionService#_doActivateExtension vscode.typescript-language-features {"startup":false,"extensionId":{"value":"vscode.typescript-language-features","_lower":"vscode.typescript-language-features"},"activationEvent":"onLanguage:jsonc"}
[2020-11-05 13:25:53.824] [exthost] [info] ExtensionService#loadCommonJSModule file:///home/moria/.vscode-server/bin/d2e414d9e4239a252d1ab117bd7067f125afd80a/extensions/typescript-language-features/dist/extension
[2020-11-05 13:25:55.928] [exthost] [info] eager extensions activated
