[2020-11-05 17:08:11.475] [exthost] [info] extension host started
[2020-11-05 17:08:11.614] [exthost] [info] ExtensionService#_doActivateExtension ms-vscode.js-debug {"startup":false,"extensionId":{"value":"ms-vscode.js-debug","_lower":"ms-vscode.js-debug"},"activationEvent":"onDebugDynamicConfigurations"}
[2020-11-05 17:08:11.615] [exthost] [info] ExtensionService#loadCommonJSModule file:///home/moria/.vscode-server/bin/d2e414d9e4239a252d1ab117bd7067f125afd80a/extensions/ms-vscode.js-debug/src/extension.js
[2020-11-05 17:08:12.258] [exthost] [info] ExtensionService#_doActivateExtension vscode.debug-auto-launch {"startup":true,"extensionId":{"value":"vscode.debug-auto-launch","_lower":"vscode.debug-auto-launch"},"activationEvent":"*"}
[2020-11-05 17:08:12.258] [exthost] [info] ExtensionService#loadCommonJSModule file:///home/moria/.vscode-server/bin/d2e414d9e4239a252d1ab117bd7067f125afd80a/extensions/debug-auto-launch/dist/extension
[2020-11-05 17:08:12.267] [exthost] [info] ExtensionService#_doActivateExtension vscode.emmet {"startup":true,"extensionId":{"value":"vscode.emmet","_lower":"vscode.emmet"},"activationEvent":"*"}
[2020-11-05 17:08:12.267] [exthost] [info] ExtensionService#loadCommonJSModule file:///home/moria/.vscode-server/bin/d2e414d9e4239a252d1ab117bd7067f125afd80a/extensions/emmet/dist/node/emmetNodeMain
[2020-11-05 17:08:12.336] [exthost] [info] ExtensionService#_doActivateExtension vscode.git {"startup":true,"extensionId":{"value":"vscode.github","_lower":"vscode.github"},"activationEvent":"*"}
[2020-11-05 17:08:12.336] [exthost] [info] ExtensionService#loadCommonJSModule file:///home/moria/.vscode-server/bin/d2e414d9e4239a252d1ab117bd7067f125afd80a/extensions/git/dist/main
[2020-11-05 17:08:12.466] [exthost] [info] ExtensionService#_doActivateExtension vscode.merge-conflict {"startup":true,"extensionId":{"value":"vscode.merge-conflict","_lower":"vscode.merge-conflict"},"activationEvent":"*"}
[2020-11-05 17:08:12.467] [exthost] [info] ExtensionService#loadCommonJSModule file:///home/moria/.vscode-server/bin/d2e414d9e4239a252d1ab117bd7067f125afd80a/extensions/merge-conflict/dist/mergeConflictMain
[2020-11-05 17:08:12.476] [exthost] [info] ExtensionService#_doActivateExtension vscode.search-result {"startup":true,"extensionId":{"value":"vscode.search-result","_lower":"vscode.search-result"},"activationEvent":"*"}
[2020-11-05 17:08:12.477] [exthost] [info] ExtensionService#loadCommonJSModule file:///home/moria/.vscode-server/bin/d2e414d9e4239a252d1ab117bd7067f125afd80a/extensions/search-result/dist/extension.js
[2020-11-05 17:08:12.799] [exthost] [info] ExtensionService#_doActivateExtension vscode.github {"startup":true,"extensionId":{"value":"vscode.github","_lower":"vscode.github"},"activationEvent":"*"}
[2020-11-05 17:08:12.799] [exthost] [info] ExtensionService#loadCommonJSModule file:///home/moria/.vscode-server/bin/d2e414d9e4239a252d1ab117bd7067f125afd80a/extensions/github/dist/extension.js
[2020-11-05 17:08:12.968] [exthost] [info] eager extensions activated
[2020-11-05 17:10:54.804] [exthost] [info] ExtensionService#_doActivateExtension ms-vscode.cpptools {"startup":false,"extensionId":{"value":"ms-vscode.cpptools","_lower":"ms-vscode.cpptools"},"activationEvent":"*"}
[2020-11-05 17:10:54.805] [exthost] [info] ExtensionService#loadCommonJSModule file:///home/moria/.vscode-server/extensions/ms-vscode.cpptools-1.0.1/dist/main
[2020-11-05 17:13:09.325] [exthost] [warning] ms-vscode.cpptools - Code actions of kind 'quickfix 'requested but returned code action does not have a 'kind'. Code action will be dropped. Please set 'CodeAction.kind'.
[2020-11-05 17:13:09.325] [exthost] [warning] ms-vscode.cpptools - Code actions of kind 'quickfix 'requested but returned code action does not have a 'kind'. Code action will be dropped. Please set 'CodeAction.kind'.
[2020-11-05 17:13:09.325] [exthost] [warning] ms-vscode.cpptools - Code actions of kind 'quickfix 'requested but returned code action does not have a 'kind'. Code action will be dropped. Please set 'CodeAction.kind'.
[2020-11-05 17:13:09.340] [exthost] [warning] ms-vscode.cpptools - Code actions of kind 'quickfix 'requested but returned code action does not have a 'kind'. Code action will be dropped. Please set 'CodeAction.kind'.
[2020-11-05 17:13:09.340] [exthost] [warning] ms-vscode.cpptools - Code actions of kind 'quickfix 'requested but returned code action does not have a 'kind'. Code action will be dropped. Please set 'CodeAction.kind'.
[2020-11-05 17:13:09.340] [exthost] [warning] ms-vscode.cpptools - Code actions of kind 'quickfix 'requested but returned code action does not have a 'kind'. Code action will be dropped. Please set 'CodeAction.kind'.
[2020-11-05 17:13:14.969] [exthost] [warning] ms-vscode.cpptools - Code actions of kind 'quickfix 'requested but returned code action does not have a 'kind'. Code action will be dropped. Please set 'CodeAction.kind'.
[2020-11-05 17:13:14.970] [exthost] [warning] ms-vscode.cpptools - Code actions of kind 'quickfix 'requested but returned code action does not have a 'kind'. Code action will be dropped. Please set 'CodeAction.kind'.
[2020-11-05 17:13:14.970] [exthost] [warning] ms-vscode.cpptools - Code actions of kind 'quickfix 'requested but returned code action does not have a 'kind'. Code action will be dropped. Please set 'CodeAction.kind'.
[2020-11-05 17:15:00.539] [exthost] [info] ExtensionService#_doActivateExtension vscode.debug-server-ready {"startup":false,"extensionId":{"value":"vscode.debug-server-ready","_lower":"vscode.debug-server-ready"},"activationEvent":"onDebugResolve"}
[2020-11-05 17:15:00.540] [exthost] [info] ExtensionService#loadCommonJSModule file:///home/moria/.vscode-server/bin/d2e414d9e4239a252d1ab117bd7067f125afd80a/extensions/debug-server-ready/dist/extension
[2020-11-05 17:15:00.582] [exthost] [info] ExtensionService#_doActivateExtension ms-vscode.node-debug2 {"startup":false,"extensionId":{"value":"ms-vscode.node-debug","_lower":"ms-vscode.node-debug"},"activationEvent":"onDebugInitialConfigurations"}
[2020-11-05 17:15:00.582] [exthost] [info] ExtensionService#loadCommonJSModule file:///home/moria/.vscode-server/bin/d2e414d9e4239a252d1ab117bd7067f125afd80a/extensions/ms-vscode.node-debug2/out/src/extension
[2020-11-05 17:15:00.589] [exthost] [info] ExtensionService#_doActivateExtension ms-vscode.node-debug {"startup":false,"extensionId":{"value":"ms-vscode.node-debug","_lower":"ms-vscode.node-debug"},"activationEvent":"onDebugInitialConfigurations"}
[2020-11-05 17:15:00.589] [exthost] [info] ExtensionService#loadCommonJSModule file:///home/moria/.vscode-server/bin/d2e414d9e4239a252d1ab117bd7067f125afd80a/extensions/ms-vscode.node-debug/dist/extension.js
[2020-11-05 17:16:50.424] [exthost] [info] ExtensionService#_doActivateExtension vscode.configuration-editing {"startup":false,"extensionId":{"value":"vscode.configuration-editing","_lower":"vscode.configuration-editing"},"activationEvent":"onLanguage:jsonc"}
[2020-11-05 17:16:50.426] [exthost] [info] ExtensionService#loadCommonJSModule file:///home/moria/.vscode-server/bin/d2e414d9e4239a252d1ab117bd7067f125afd80a/extensions/configuration-editing/dist/configurationEditingMain
[2020-11-05 17:16:50.450] [exthost] [info] ExtensionService#_doActivateExtension vscode.json-language-features {"startup":false,"extensionId":{"value":"vscode.json-language-features","_lower":"vscode.json-language-features"},"activationEvent":"onLanguage:jsonc"}
[2020-11-05 17:16:50.451] [exthost] [info] ExtensionService#loadCommonJSModule file:///home/moria/.vscode-server/bin/d2e414d9e4239a252d1ab117bd7067f125afd80a/extensions/json-language-features/client/dist/node/jsonClientMain
[2020-11-05 17:16:50.570] [exthost] [info] ExtensionService#_doActivateExtension vscode.typescript-language-features {"startup":false,"extensionId":{"value":"vscode.typescript-language-features","_lower":"vscode.typescript-language-features"},"activationEvent":"onLanguage:jsonc"}
[2020-11-05 17:16:50.570] [exthost] [info] ExtensionService#loadCommonJSModule file:///home/moria/.vscode-server/bin/d2e414d9e4239a252d1ab117bd7067f125afd80a/extensions/typescript-language-features/dist/extension
[2020-11-05 17:31:56.342] [exthost] [info] ExtensionService#_doActivateExtension ms-vscode.cmake-tools {"startup":false,"extensionId":{"value":"ms-vscode.cmake-tools","_lower":"ms-vscode.cmake-tools"},"activationEvent":"onCommand:cmake.configure"}
[2020-11-05 17:31:56.343] [exthost] [info] ExtensionService#loadCommonJSModule file:///home/moria/.vscode-server/extensions/ms-vscode.cmake-tools-1.4.2/dist/main
[2020-11-05 17:39:27.713] [exthost] [error] [vscode.json-language-features] provider FAILED
[2020-11-05 17:39:27.716] [exthost] [error] Canceled: Canceled
	at _.makeCancelError (/home/moria/.vscode-server/bin/d2e414d9e4239a252d1ab117bd7067f125afd80a/extensions/json-language-features/client/dist/node/jsonClientMain.js:1:60768)
	at _.handleFailedRequest (/home/moria/.vscode-server/bin/d2e414d9e4239a252d1ab117bd7067f125afd80a/extensions/json-language-features/client/dist/node/jsonClientMain.js:1:60622)
	at /home/moria/.vscode-server/bin/d2e414d9e4239a252d1ab117bd7067f125afd80a/extensions/json-language-features/client/dist/node/jsonClientMain.js:1:229812
[2020-11-05 17:40:35.630] [exthost] [info] ExtensionService#_doActivateExtension vscode.extension-editing {"startup":false,"extensionId":{"value":"vscode.extension-editing","_lower":"vscode.extension-editing"},"activationEvent":"onLanguage:json"}
[2020-11-05 17:40:35.631] [exthost] [info] ExtensionService#loadCommonJSModule file:///home/moria/.vscode-server/bin/d2e414d9e4239a252d1ab117bd7067f125afd80a/extensions/extension-editing/dist/extensionEditingMain
[2020-11-05 17:40:35.679] [exthost] [info] ExtensionService#_doActivateExtension vscode.npm {"startup":false,"extensionId":{"value":"vscode.npm","_lower":"vscode.npm"},"activationEvent":"onLanguage:json"}
[2020-11-05 17:40:35.679] [exthost] [info] ExtensionService#loadCommonJSModule file:///home/moria/.vscode-server/bin/d2e414d9e4239a252d1ab117bd7067f125afd80a/extensions/npm/dist/npmMain
[2020-11-05 18:33:53.807] [exthost] [error] [ms-vscode.cpptools] provider FAILED
[2020-11-05 18:33:53.807] [exthost] [error] undefined
[2020-11-05 18:46:30.334] [exthost] [error] [ms-vscode.cpptools] provider FAILED
[2020-11-05 18:46:30.334] [exthost] [error] undefined
[2020-11-05 18:57:20.657] [exthost] [error] [ms-vscode.cpptools] provider FAILED
[2020-11-05 18:57:20.657] [exthost] [error] undefined
